{"meta": {"format": 3, "version": "7.13.5", "timestamp": "2026-04-09T22:14:43.733841", "branch_coverage": true, "show_contexts": false}, "files": {"src\\dcc_mcp_maya\\__init__.py": {"executed_lines": [17, 20, 21, 23], "summary": {"covered_lines": 4, "num_statements": 4, "percent_covered": 100.0, "percent_covered_display": "100", "missing_lines": 0, "excluded_lines": 0, "percent_statements_covered": 100.0, "percent_statements_covered_display": "100", "num_branches": 0, "num_partial_branches": 0, "covered_branches": 0, "missing_branches": 0, "percent_branches_covered": 100.0, "percent_branches_covered_display": "100"}, "missing_lines": [], "excluded_lines": [], "executed_branches": [], "missing_branches": [], "functions": {"": {"executed_lines": [17, 20, 21, 23], "summary": {"covered_lines": 4, "num_statements": 4, "percent_covered": 100.0, "percent_covered_display": "100", "missing_lines": 0, "excluded_lines": 0, "percent_statements_covered": 100.0, "percent_statements_covered_display": "100", "num_branches": 0, "num_partial_branches": 0, "covered_branches": 0, "missing_branches": 0, "percent_branches_covered": 100.0, "percent_branches_covered_display": "100"}, "missing_lines": [], "excluded_lines": [], "start_line": 1, "executed_branches": [], "missing_branches": []}}, "classes": {"": {"executed_lines": [17, 20, 21, 23], "summary": {"covered_lines": 4, "num_statements": 4, "percent_covered": 100.0, "percent_covered_display": "100", "missing_lines": 0, "excluded_lines": 0, "percent_statements_covered": 100.0, "percent_statements_covered_display": "100", "num_branches": 0, "num_partial_branches": 0, "covered_branches": 0, "missing_branches": 0, "percent_branches_covered": 100.0, "percent_branches_covered_display": "100"}, "missing_lines": [], "excluded_lines": [], "start_line": 1, "executed_branches": [], "missing_branches": []}}}, "src\\dcc_mcp_maya\\__version__.py": {"executed_lines": [1], "summary": {"covered_lines": 1, "num_statements": 1, "percent_covered": 100.0, "percent_covered_display": "100", "missing_lines": 0, "excluded_lines": 0, "percent_statements_covered": 100.0, "percent_statements_covered_display": "100", "num_branches": 0, "num_partial_branches": 0, "covered_branches": 0, "missing_branches": 0, "percent_branches_covered": 100.0, "percent_branches_covered_display": "100"}, "missing_lines": [], "excluded_lines": [], "executed_branches": [], "missing_branches": [], "functions": {"": {"executed_lines": [1], "summary": {"covered_lines": 1, "num_statements": 1, "percent_covered": 100.0, "percent_covered_display": "100", "missing_lines": 0, "excluded_lines": 0, "percent_statements_covered": 100.0, "percent_statements_covered_display": "100", "num_branches": 0, "num_partial_branches": 0, "covered_branches": 0, "missing_branches": 0, "percent_branches_covered": 100.0, "percent_branches_covered_display": "100"}, "missing_lines": [], "excluded_lines": [], "start_line": 1, "executed_branches": [], "missing_branches": []}}, "classes": {"": {"executed_lines": [1], "summary": {"covered_lines": 1, "num_statements": 1, "percent_covered": 100.0, "percent_covered_display": "100", "missing_lines": 0, "excluded_lines": 0, "percent_statements_covered": 100.0, "percent_statements_covered_display": "100", "num_branches": 0, "num_partial_branches": 0, "covered_branches": 0, "missing_branches": 0, "percent_branches_covered": 100.0, "percent_branches_covered_display": "100"}, "missing_lines": [], "excluded_lines": [], "start_line": 1, "executed_branches": [], "missing_branches": []}}}, "src\\dcc_mcp_maya\\actions\\__init__.py": {"executed_lines": [8, 10, 11, 26, 32, 42, 48, 62, 85, 86, 87, 97, 102, 108, 109, 115, 123, 130, 138, 142, 147, 152, 156, 162, 168, 178, 184, 189, 195, 200, 205, 206, 211, 215, 221, 227, 234, 246, 260, 269, 273, 275, 523, 529, 774, 775], "summary": {"covered_lines": 46, "num_statements": 46, "percent_covered": 100.0, "percent_covered_display": "100", "missing_lines": 0, "excluded_lines": 0, "percent_statements_covered": 100.0, "percent_statements_covered_display": "100", "num_branches": 2, "num_partial_branches": 0, "covered_branches": 2, "missing_branches": 0, "percent_branches_covered": 100.0, "percent_branches_covered_display": "100"}, "missing_lines": [], "excluded_lines": [], "executed_branches": [[774, -523], [774, 775]], "missing_branches": [], "functions": {"register_all": {"executed_lines": [529, 774, 775], "summary": {"covered_lines": 3, "num_statements": 3, "percent_covered": 100.0, "percent_covered_display": "100", "missing_lines": 0, "excluded_lines": 0, "percent_statements_covered": 100.0, "percent_statements_covered_display": "100", "num_branches": 2, "num_partial_branches": 0, "covered_branches": 2, "missing_branches": 0, "percent_branches_covered": 100.0, "percent_branches_covered_display": "100"}, "missing_lines": [], "excluded_lines": [], "start_line": 523, "executed_branches": [[774, -523], [774, 775]], "missing_branches": []}, "": {"executed_lines": [8, 10, 11, 26, 32, 42, 48, 62, 85, 86, 87, 97, 102, 108, 109, 115, 123, 130, 138, 142, 147, 152, 156, 162, 168, 178, 184, 189, 195, 200, 205, 206, 211, 215, 221, 227, 234, 246, 260, 269, 273, 275, 523], "summary": {"covered_lines": 43, "num_statements": 43, "percent_covered": 100.0, "percent_covered_display": "100", "missing_lines": 0, "excluded_lines": 0, "percent_statements_covered": 100.0, "percent_statements_covered_display": "100", "num_branches": 0, "num_partial_branches": 0, "covered_branches": 0, "missing_branches": 0, "percent_branches_covered": 100.0, "percent_branches_covered_display": "100"}, "missing_lines": [], "excluded_lines": [], "start_line": 1, "executed_branches": [], "missing_branches": []}}, "classes": {"": {"executed_lines": [8, 10, 11, 26, 32, 42, 48, 62, 85, 86, 87, 97, 102, 108, 109, 115, 123, 130, 138, 142, 147, 152, 156, 162, 168, 178, 184, 189, 195, 200, 205, 206, 211, 215, 221, 227, 234, 246, 260, 269, 273, 275, 523, 529, 774, 775], "summary": {"covered_lines": 46, "num_statements": 46, "percent_covered": 100.0, "percent_covered_display": "100", "missing_lines": 0, "excluded_lines": 0, "percent_statements_covered": 100.0, "percent_statements_covered_display": "100", "num_branches": 2, "num_partial_branches": 0, "covered_branches": 2, "missing_branches": 0, "percent_branches_covered": 100.0, "percent_branches_covered_display": "100"}, "missing_lines": [], "excluded_lines": [], "start_line": 1, "executed_branches": [[774, -523], [774, 775]], "missing_branches": []}}}, "src\\dcc_mcp_maya\\actions\\animation.py": {"executed_lines": [4, 7, 8, 10, 13, 32, 34, 35, 37, 38, 43, 44, 45, 46, 47, 48, 49, 51, 52, 59, 60, 61, 62, 63, 66, 80, 82, 83, 85, 86, 91, 92, 93, 94, 95, 96, 103, 104, 105, 106, 107, 110, 129, 131, 132, 134, 135, 136, 137, 139, 145, 152, 153, 154, 155, 156, 159, 165, 167, 168, 170, 171, 175, 176, 177, 178, 179, 182, 191, 193, 194, 196, 197, 201, 202, 203, 204, 205, 208, 228, 230, 231, 233, 234, 239, 240, 241, 242, 243, 244, 245, 246, 247, 249, 250, 258, 259, 260, 261, 262, 265, 287, 289, 290, 292, 293, 294, 295, 296, 300, 302, 304, 305, 310, 317, 325, 326, 327, 328, 329, 332, 347, 349, 350, 352, 353, 358, 359, 360, 362, 365, 366, 367, 368, 369, 370, 372, 373, 374, 375, 377, 380, 381, 390, 397, 399, 400, 401, 406, 432, 434, 436, 437, 439, 440, 444, 450, 451, 453, 454, 459, 460, 461, 466, 471, 472, 474, 476, 484, 486, 487, 488, 493, 519, 521, 522, 524, 525, 526, 527, 528, 532, 534, 536, 537, 542, 552, 553, 554, 562, 563, 564, 567, 568, 569, 571, 582, 584, 585, 586, 589, 615, 617, 618, 620, 621, 627, 628, 629, 630, 633, 634, 635, 636, 637, 638, 639, 640, 642, 643, 649, 650, 655, 656, 657, 659, 660, 662, 670, 671, 672, 673, 674, 679, 697, 699, 700, 701, 703, 704, 709, 716, 718, 721, 722, 723, 724, 725, 726, 727, 728, 736, 742, 744, 745, 746, 751, 762, 764, 765, 767, 768, 769, 770, 771, 772, 774, 783, 785, 786, 787], "summary": {"covered_lines": 271, "num_statements": 279, "percent_covered": 96.7479674796748, "percent_covered_display": "97", "missing_lines": 8, "excluded_lines": 0, "percent_statements_covered": 97.1326164874552, "percent_statements_covered_display": "97", "num_branches": 90, "num_partial_branches": 4, "covered_branches": 86, "missing_branches": 4, "percent_branches_covered": 95.55555555555556, "percent_branches_covered_display": "96"}, "missing_lines": [398, 445, 485, 583, 733, 734, 743, 784], "excluded_lines": [], "executed_branches": [[37, 38], [37, 43], [44, 45], [44, 46], [46, 47], [46, 51], [48, 49], [48, 51], [85, 86], [85, 91], [92, 93], [92, 94], [134, 135], [134, 136], [136, 137], [136, 139], [233, 234], [233, 239], [240, 241], [240, 242], [242, 243], [242, 244], [244, 245], [244, 246], [246, 247], [246, 249], [293, 294], [293, 302], [295, 296], [295, 300], [304, 305], [304, 310], [352, 353], [352, 358], [358, 359], [358, 362], [367, 368], [367, 372], [368, 367], [368, 369], [373, 374], [373, 390], [439, 440], [439, 444], [444, 450], [453, 454], [453, 459], [460, 461], [460, 466], [471, 472], [471, 474], [525, 526], [525, 534], [527, 528], [527, 532], [536, 537], [536, 542], [553, 554], [553, 571], [562, 563], [562, 571], [563, 562], [563, 564], [567, 563], [567, 568], [620, 621], [620, 627], [627, 628], [629, 630], [634, 635], [634, 642], [636, 637], [636, 640], [642, 643], [642, 649], [656, 657], [656, 659], [703, 704], [703, 709], [718, 721], [718, 736], [722, 723], [722, 736], [724, 722], [724, 725], [726, 727]], "missing_branches": [[444, 445], [627, 629], [629, 633], [726, 724]], "functions": {"set_keyframe": {"executed_lines": [32, 34, 35, 37, 38, 43, 44, 45, 46, 47, 48, 49, 51, 52, 59, 60, 61, 62, 63], "summary": {"covered_lines": 19, "num_statements": 19, "percent_covered": 100.0, "percent_covered_display": "100", "missing_lines": 0, "excluded_lines": 0, "percent_statements_covered": 100.0, "percent_statements_covered_display": "100", "num_branches": 8, "num_partial_branches": 0, "covered_branches": 8, "missing_branches": 0, "percent_branches_covered": 100.0, "percent_branches_covered_display": "100"}, "missing_lines": [], "excluded_lines": [], "start_line": 13, "executed_branches": [[37, 38], [37, 43], [44, 45], [44, 46], [46, 47], [46, 51], [48, 49], [48, 51]], "missing_branches": []}, "get_keyframes": {"executed_lines": [80, 82, 83, 85, 86, 91, 92, 93, 94, 95, 96, 103, 104, 105, 106, 107], "summary": {"covered_lines": 16, "num_statements": 16, "percent_covered": 100.0, "percent_covered_display": "100", "missing_lines": 0, "excluded_lines": 0, "percent_statements_covered": 100.0, "percent_statements_covered_display": "100", "num_branches": 4, "num_partial_branches": 0, "covered_branches": 4, "missing_branches": 0, "percent_branches_covered": 100.0, "percent_branches_covered_display": "100"}, "missing_lines": [], "excluded_lines": [], "start_line": 66, "executed_branches": [[85, 86], [85, 91], [92, 93], [92, 94]], "missing_branches": []}, "set_timeline": {"executed_lines": [129, 131, 132, 134, 135, 136, 137, 139, 145, 152, 153, 154, 155, 156], "summary": {"covered_lines": 14, "num_statements": 14, "percent_covered": 100.0, "percent_covered_display": "100", "missing_lines": 0, "excluded_lines": 0, "percent_statements_covered": 100.0, "percent_statements_covered_display": "100", "num_branches": 4, "num_partial_branches": 0, "covered_branches": 4, "missing_branches": 0, "percent_branches_covered": 100.0, "percent_branches_covered_display": "100"}, "missing_lines": [], "excluded_lines": [], "start_line": 110, "executed_branches": [[134, 135], [134, 136], [136, 137], [136, 139]], "missing_branches": []}, "get_current_time": {"executed_lines": [165, 167, 168, 170, 171, 175, 176, 177, 178, 179], "summary": {"covered_lines": 10, "num_statements": 10, "percent_covered": 100.0, "percent_covered_display": "100", "missing_lines": 0, "excluded_lines": 0, "percent_statements_covered": 100.0, "percent_statements_covered_display": "100", "num_branches": 0, "num_partial_branches": 0, "covered_branches": 0, "missing_branches": 0, "percent_branches_covered": 100.0, "percent_branches_covered_display": "100"}, "missing_lines": [], "excluded_lines": [], "start_line": 159, "executed_branches": [], "missing_branches": []}, "set_current_time": {"executed_lines": [191, 193, 194, 196, 197, 201, 202, 203, 204, 205], "summary": {"covered_lines": 10, "num_statements": 10, "percent_covered": 100.0, "percent_covered_display": "100", "missing_lines": 0, "excluded_lines": 0, "percent_statements_covered": 100.0, "percent_statements_covered_display": "100", "num_branches": 0, "num_partial_branches": 0, "covered_branches": 0, "missing_branches": 0, "percent_branches_covered": 100.0, "percent_branches_covered_display": "100"}, "missing_lines": [], "excluded_lines": [], "start_line": 182, "executed_branches": [], "missing_branches": []}, "delete_keyframes": {"executed_lines": [228, 230, 231, 233, 234, 239, 240, 241, 242, 243, 244, 245, 246, 247, 249, 250, 258, 259, 260, 261, 262], "summary": {"covered_lines": 21, "num_statements": 21, "percent_covered": 100.0, "percent_covered_display": "100", "missing_lines": 0, "excluded_lines": 0, "percent_statements_covered": 100.0, "percent_statements_covered_display": "100", "num_branches": 10, "num_partial_branches": 0, "covered_branches": 10, "missing_branches": 0, "percent_branches_covered": 100.0, "percent_branches_covered_display": "100"}, "missing_lines": [], "excluded_lines": [], "start_line": 208, "executed_branches": [[233, 234], [233, 239], [240, 241], [240, 242], [242, 243], [242, 244], [244, 245], [244, 246], [246, 247], [246, 249]], "missing_branches": []}, "bake_simulation": {"executed_lines": [287, 289, 290, 292, 293, 294, 295, 296, 300, 302, 304, 305, 310, 317, 325, 326, 327, 328, 329], "summary": {"covered_lines": 19, "num_statements": 19, "percent_covered": 100.0, "percent_covered_display": "100", "missing_lines": 0, "excluded_lines": 0, "percent_statements_covered": 100.0, "percent_statements_covered_display": "100", "num_branches": 6, "num_partial_branches": 0, "covered_branches": 6, "missing_branches": 0, "percent_branches_covered": 100.0, "percent_branches_covered_display": "100"}, "missing_lines": [], "excluded_lines": [], "start_line": 265, "executed_branches": [[293, 294], [293, 302], [295, 296], [295, 300], [304, 305], [304, 310]], "missing_branches": []}, "list_animation_curves": {"executed_lines": [347, 349, 350, 352, 353, 358, 359, 360, 362, 365, 366, 367, 368, 369, 370, 372, 373, 374, 375, 377, 380, 381, 390, 397, 399, 400, 401], "summary": {"covered_lines": 27, "num_statements": 28, "percent_covered": 97.36842105263158, "percent_covered_display": "97", "missing_lines": 1, "excluded_lines": 0, "percent_statements_covered": 96.42857142857143, "percent_statements_covered_display": "96", "num_branches": 10, "num_partial_branches": 0, "covered_branches": 10, "missing_branches": 0, "percent_branches_covered": 100.0, "percent_branches_covered_display": "100"}, "missing_lines": [398], "excluded_lines": [], "start_line": 332, "executed_branches": [[352, 353], [352, 358], [358, 359], [358, 362], [367, 368], [367, 372], [368, 367], [368, 369], [373, 374], [373, 390]], "missing_branches": []}, "set_animation_curve_tangent": {"executed_lines": [432, 434, 436, 437, 439, 440, 444, 450, 451, 453, 454, 459, 460, 461, 466, 471, 472, 474, 476, 484, 486, 487, 488], "summary": {"covered_lines": 23, "num_statements": 25, "percent_covered": 91.42857142857143, "percent_covered_display": "91", "missing_lines": 2, "excluded_lines": 0, "percent_statements_covered": 92.0, "percent_statements_covered_display": "92", "num_branches": 10, "num_partial_branches": 1, "covered_branches": 9, "missing_branches": 1, "percent_branches_covered": 90.0, "percent_branches_covered_display": "90"}, "missing_lines": [445, 485], "excluded_lines": [], "start_line": 406, "executed_branches": [[439, 440], [439, 444], [444, 450], [453, 454], [453, 459], [460, 461], [460, 466], [471, 472], [471, 474]], "missing_branches": [[444, 445]]}, "bake_constraints": {"executed_lines": [519, 521, 522, 524, 525, 526, 527, 528, 532, 534, 536, 537, 542, 552, 553, 554, 562, 563, 564, 567, 568, 569, 571, 582, 584, 585, 586], "summary": {"covered_lines": 27, "num_statements": 28, "percent_covered": 97.61904761904762, "percent_covered_display": "98", "missing_lines": 1, "excluded_lines": 0, "percent_statements_covered": 96.42857142857143, "percent_statements_covered_display": "96", "num_branches": 14, "num_partial_branches": 0, "covered_branches": 14, "missing_branches": 0, "percent_branches_covered": 100.0, "percent_branches_covered_display": "100"}, "missing_lines": [583], "excluded_lines": [], "start_line": 493, "executed_branches": [[525, 526], [525, 534], [527, 528], [527, 532], [536, 537], [536, 542], [553, 554], [553, 571], [562, 563], [562, 571], [563, 562], [563, 564], [567, 563], [567, 568]], "missing_branches": []}, "export_animation_curves": {"executed_lines": [615, 617, 618, 620, 621, 627, 628, 629, 630, 633, 634, 635, 636, 637, 638, 639, 640, 642, 643, 649, 650, 655, 656, 657, 659, 660, 662, 670, 671, 672, 673, 674], "summary": {"covered_lines": 32, "num_statements": 32, "percent_covered": 95.65217391304348, "percent_covered_display": "96", "missing_lines": 0, "excluded_lines": 0, "percent_statements_covered": 100.0, "percent_statements_covered_display": "100", "num_branches": 14, "num_partial_branches": 2, "covered_branches": 12, "missing_branches": 2, "percent_branches_covered": 85.71428571428571, "percent_branches_covered_display": "86"}, "missing_lines": [], "excluded_lines": [], "start_line": 589, "executed_branches": [[620, 621], [620, 627], [627, 628], [629, 630], [634, 635], [634, 642], [636, 637], [636, 640], [642, 643], [642, 649], [656, 657], [656, 659]], "missing_branches": [[627, 629], [629, 633]]}, "import_animation_curves": {"executed_lines": [697, 699, 700, 701, 703, 704, 709, 716, 718, 721, 722, 723, 724, 725, 726, 727, 728, 736, 742, 744, 745, 746], "summary": {"covered_lines": 22, "num_statements": 25, "percent_covered": 88.57142857142857, "percent_covered_display": "89", "missing_lines": 3, "excluded_lines": 0, "percent_statements_covered": 88.0, "percent_statements_covered_display": "88", "num_branches": 10, "num_partial_branches": 1, "covered_branches": 9, "missing_branches": 1, "percent_branches_covered": 90.0, "percent_branches_covered_display": "90"}, "missing_lines": [733, 734, 743], "excluded_lines": [], "start_line": 679, "executed_branches": [[703, 704], [703, 709], [718, 721], [718, 736], [722, 723], [722, 736], [724, 722], [724, 725], [726, 727]], "missing_branches": [[726, 724]]}, "query_scene_time_info": {"executed_lines": [762, 764, 765, 767, 768, 769, 770, 771, 772, 774, 783, 785, 786, 787], "summary": {"covered_lines": 14, "num_statements": 15, "percent_covered": 93.33333333333333, "percent_covered_display": "93", "missing_lines": 1, "excluded_lines": 0, "percent_statements_covered": 93.33333333333333, "percent_statements_covered_display": "93", "num_branches": 0, "num_partial_branches": 0, "covered_branches": 0, "missing_branches": 0, "percent_branches_covered": 100.0, "percent_branches_covered_display": "100"}, "missing_lines": [784], "excluded_lines": [], "start_line": 751, "executed_branches": [], "missing_branches": []}, "": {"executed_lines": [4, 7, 8, 10, 13, 66, 110, 159, 182, 208, 265, 332, 406, 493, 589, 679, 751], "summary": {"covered_lines": 17, "num_statements": 17, "percent_covered": 100.0, "percent_covered_display": "100", "missing_lines": 0, "excluded_lines": 0, "percent_statements_covered": 100.0, "percent_statements_covered_display": "100", "num_branches": 0, "num_partial_branches": 0, "covered_branches": 0, "missing_branches": 0, "percent_branches_covered": 100.0, "percent_branches_covered_display": "100"}, "missing_lines": [], "excluded_lines": [], "start_line": 1, "executed_branches": [], "missing_branches": []}}, "classes": {"": {"executed_lines": [4, 7, 8, 10, 13, 32, 34, 35, 37, 38, 43, 44, 45, 46, 47, 48, 49, 51, 52, 59, 60, 61, 62, 63, 66, 80, 82, 83, 85, 86, 91, 92, 93, 94, 95, 96, 103, 104, 105, 106, 107, 110, 129, 131, 132, 134, 135, 136, 137, 139, 145, 152, 153, 154, 155, 156, 159, 165, 167, 168, 170, 171, 175, 176, 177, 178, 179, 182, 191, 193, 194, 196, 197, 201, 202, 203, 204, 205, 208, 228, 230, 231, 233, 234, 239, 240, 241, 242, 243, 244, 245, 246, 247, 249, 250, 258, 259, 260, 261, 262, 265, 287, 289, 290, 292, 293, 294, 295, 296, 300, 302, 304, 305, 310, 317, 325, 326, 327, 328, 329, 332, 347, 349, 350, 352, 353, 358, 359, 360, 362, 365, 366, 367, 368, 369, 370, 372, 373, 374, 375, 377, 380, 381, 390, 397, 399, 400, 401, 406, 432, 434, 436, 437, 439, 440, 444, 450, 451, 453, 454, 459, 460, 461, 466, 471, 472, 474, 476, 484, 486, 487, 488, 493, 519, 521, 522, 524, 525, 526, 527, 528, 532, 534, 536, 537, 542, 552, 553, 554, 562, 563, 564, 567, 568, 569, 571, 582, 584, 585, 586, 589, 615, 617, 618, 620, 621, 627, 628, 629, 630, 633, 634, 635, 636, 637, 638, 639, 640, 642, 643, 649, 650, 655, 656, 657, 659, 660, 662, 670, 671, 672, 673, 674, 679, 697, 699, 700, 701, 703, 704, 709, 716, 718, 721, 722, 723, 724, 725, 726, 727, 728, 736, 742, 744, 745, 746, 751, 762, 764, 765, 767, 768, 769, 770, 771, 772, 774, 783, 785, 786, 787], "summary": {"covered_lines": 271, "num_statements": 279, "percent_covered": 96.7479674796748, "percent_covered_display": "97", "missing_lines": 8, "excluded_lines": 0, "percent_statements_covered": 97.1326164874552, "percent_statements_covered_display": "97", "num_branches": 90, "num_partial_branches": 4, "covered_branches": 86, "missing_branches": 4, "percent_branches_covered": 95.55555555555556, "percent_branches_covered_display": "96"}, "missing_lines": [398, 445, 485, 583, 733, 734, 743, 784], "excluded_lines": [], "start_line": 1, "executed_branches": [[37, 38], [37, 43], [44, 45], [44, 46], [46, 47], [46, 51], [48, 49], [48, 51], [85, 86], [85, 91], [92, 93], [92, 94], [134, 135], [134, 136], [136, 137], [136, 139], [233, 234], [233, 239], [240, 241], [240, 242], [242, 243], [242, 244], [244, 245], [244, 246], [246, 247], [246, 249], [293, 294], [293, 302], [295, 296], [295, 300], [304, 305], [304, 310], [352, 353], [352, 358], [358, 359], [358, 362], [367, 368], [367, 372], [368, 367], [368, 369], [373, 374], [373, 390], [439, 440], [439, 444], [444, 450], [453, 454], [453, 459], [460, 461], [460, 466], [471, 472], [471, 474], [525, 526], [525, 534], [527, 528], [527, 532], [536, 537], [536, 542], [553, 554], [553, 571], [562, 563], [562, 571], [563, 562], [563, 564], [567, 563], [567, 568], [620, 621], [620, 627], [627, 628], [629, 630], [634, 635], [634, 642], [636, 637], [636, 640], [642, 643], [642, 649], [656, 657], [656, 659], [703, 704], [703, 709], [718, 721], [718, 736], [722, 723], [722, 736], [724, 722], [724, 725], [726, 727]], "missing_branches": [[444, 445], [627, 629], [629, 633], [726, 724]]}}}, "src\\dcc_mcp_maya\\actions\\attributes.py": {"executed_lines": [4, 7, 8, 10, 13, 30, 32, 33, 35, 36, 41, 42, 43, 48, 51, 52, 54, 56, 62, 63, 64, 65, 66, 72, 96, 98, 99, 101, 102, 107, 108, 109, 115, 116, 117, 118, 122, 125, 126, 127, 128, 130, 133, 134, 136, 142, 143, 144, 145, 146], "summary": {"covered_lines": 50, "num_statements": 50, "percent_covered": 100.0, "percent_covered_display": "100", "missing_lines": 0, "excluded_lines": 0, "percent_statements_covered": 100.0, "percent_statements_covered_display": "100", "num_branches": 20, "num_partial_branches": 0, "covered_branches": 20, "missing_branches": 0, "percent_branches_covered": 100.0, "percent_branches_covered_display": "100"}, "missing_lines": [], "excluded_lines": [], "executed_branches": [[35, 36], [35, 41], [42, 43], [42, 48], [51, 52], [51, 54], [101, 102], [101, 107], [108, 109], [108, 115], [116, 117], [116, 125], [117, 118], [117, 122], [125, 126], [125, 127], [127, 128], [127, 130], [133, 134], [133, 136]], "missing_branches": [], "functions": {"get_attribute": {"executed_lines": [30, 32, 33, 35, 36, 41, 42, 43, 48, 51, 52, 54, 56, 62, 63, 64, 65, 66], "summary": {"covered_lines": 18, "num_statements": 18, "percent_covered": 100.0, "percent_covered_display": "100", "missing_lines": 0, "excluded_lines": 0, "percent_statements_covered": 100.0, "percent_statements_covered_display": "100", "num_branches": 6, "num_partial_branches": 0, "covered_branches": 6, "missing_branches": 0, "percent_branches_covered": 100.0, "percent_branches_covered_display": "100"}, "missing_lines": [], "excluded_lines": [], "start_line": 13, "executed_branches": [[35, 36], [35, 41], [42, 43], [42, 48], [51, 52], [51, 54]], "missing_branches": []}, "set_attribute": {"executed_lines": [96, 98, 99, 101, 102, 107, 108, 109, 115, 116, 117, 118, 122, 125, 126, 127, 128, 130, 133, 134, 136, 142, 143, 144, 145, 146], "summary": {"covered_lines": 26, "num_statements": 26, "percent_covered": 100.0, "percent_covered_display": "100", "missing_lines": 0, "excluded_lines": 0, "percent_statements_covered": 100.0, "percent_statements_covered_display": "100", "num_branches": 14, "num_partial_branches": 0, "covered_branches": 14, "missing_branches": 0, "percent_branches_covered": 100.0, "percent_branches_covered_display": "100"}, "missing_lines": [], "excluded_lines": [], "start_line": 72, "executed_branches": [[101, 102], [101, 107], [108, 109], [108, 115], [116, 117], [116, 125], [117, 118], [117, 122], [125, 126], [125, 127], [127, 128], [127, 130], [133, 134], [133, 136]], "missing_branches": []}, "": {"executed_lines": [4, 7, 8, 10, 13, 72], "summary": {"covered_lines": 6, "num_statements": 6, "percent_covered": 100.0, "percent_covered_display": "100", "missing_lines": 0, "excluded_lines": 0, "percent_statements_covered": 100.0, "percent_statements_covered_display": "100", "num_branches": 0, "num_partial_branches": 0, "covered_branches": 0, "missing_branches": 0, "percent_branches_covered": 100.0, "percent_branches_covered_display": "100"}, "missing_lines": [], "excluded_lines": [], "start_line": 1, "executed_branches": [], "missing_branches": []}}, "classes": {"": {"executed_lines": [4, 7, 8, 10, 13, 30, 32, 33, 35, 36, 41, 42, 43, 48, 51, 52, 54, 56, 62, 63, 64, 65, 66, 72, 96, 98, 99, 101, 102, 107, 108, 109, 115, 116, 117, 118, 122, 125, 126, 127, 128, 130, 133, 134, 136, 142, 143, 144, 145, 146], "summary": {"covered_lines": 50, "num_statements": 50, "percent_covered": 100.0, "percent_covered_display": "100", "missing_lines": 0, "excluded_lines": 0, "percent_statements_covered": 100.0, "percent_statements_covered_display": "100", "num_branches": 20, "num_partial_branches": 0, "covered_branches": 20, "missing_branches": 0, "percent_branches_covered": 100.0, "percent_branches_covered_display": "100"}, "missing_lines": [], "excluded_lines": [], "start_line": 1, "executed_branches": [[35, 36], [35, 41], [42, 43], [42, 48], [51, 52], [51, 54], [101, 102], [101, 107], [108, 109], [108, 115], [116, 117], [116, 125], [117, 118], [117, 122], [125, 126], [125, 127], [127, 128], [127, 130], [133, 134], [133, 136]], "missing_branches": []}}}, "src\\dcc_mcp_maya\\actions\\cameras.py": {"executed_lines": [4, 7, 8, 10, 13, 31, 33, 34, 36, 37, 38, 40, 41, 43, 44, 46, 48, 49, 54, 55, 61, 67, 68, 69, 70, 71, 74, 93, 95, 96, 98, 99, 101, 102, 104, 105, 106, 107, 108, 112, 113, 114, 115, 117, 119, 125, 127, 128, 129, 132, 142, 144, 145, 147, 148, 150, 151, 153, 158, 160, 161, 163, 168, 169, 170, 171, 172, 174, 175, 176, 177, 178, 179, 181, 192, 202, 204, 206, 207, 209, 210, 211, 212, 213, 214, 215, 216, 217, 218, 219, 220, 221, 222, 224, 229, 231, 232, 233], "summary": {"covered_lines": 98, "num_statements": 108, "percent_covered": 92.14285714285714, "percent_covered_display": "92", "missing_lines": 10, "excluded_lines": 0, "percent_statements_covered": 90.74074074074075, "percent_statements_covered_display": "91", "num_branches": 32, "num_partial_branches": 1, "covered_branches": 31, "missing_branches": 1, "percent_branches_covered": 96.875, "percent_branches_covered_display": "97"}, "missing_lines": [126, 154, 155, 156, 185, 186, 187, 188, 189, 230], "excluded_lines": [], "executed_branches": [[40, 41], [40, 46], [48, 49], [48, 54], [54, 55], [54, 61], [98, 99], [98, 101], [105, 106], [105, 107], [107, 108], [107, 112], [112, 113], [112, 114], [114, 115], [114, 117], [147, 148], [147, 150], [151, 153], [151, 160], [153, 158], [168, 169], [168, 174], [174, 175], [174, 181], [211, 212], [211, 224], [214, 215], [214, 216], [217, 218], [217, 222]], "missing_branches": [[153, 154]], "functions": {"create_camera": {"executed_lines": [31, 33, 34, 36, 37, 38, 40, 41, 43, 44, 46, 48, 49, 54, 55, 61, 67, 68, 69, 70, 71], "summary": {"covered_lines": 21, "num_statements": 21, "percent_covered": 100.0, "percent_covered_display": "100", "missing_lines": 0, "excluded_lines": 0, "percent_statements_covered": 100.0, "percent_statements_covered_display": "100", "num_branches": 6, "num_partial_branches": 0, "covered_branches": 6, "missing_branches": 0, "percent_branches_covered": 100.0, "percent_branches_covered_display": "100"}, "missing_lines": [], "excluded_lines": [], "start_line": 13, "executed_branches": [[40, 41], [40, 46], [48, 49], [48, 54], [54, 55], [54, 61]], "missing_branches": []}, "set_camera_attribute": {"executed_lines": [93, 95, 96, 98, 99, 101, 102, 104, 105, 106, 107, 108, 112, 113, 114, 115, 117, 119, 125, 127, 128, 129], "summary": {"covered_lines": 22, "num_statements": 23, "percent_covered": 96.96969696969697, "percent_covered_display": "97", "missing_lines": 1, "excluded_lines": 0, "percent_statements_covered": 95.65217391304348, "percent_statements_covered_display": "96", "num_branches": 10, "num_partial_branches": 0, "covered_branches": 10, "missing_branches": 0, "percent_branches_covered": 100.0, "percent_branches_covered_display": "100"}, "missing_lines": [126], "excluded_lines": [], "start_line": 74, "executed_branches": [[98, 99], [98, 101], [105, 106], [105, 107], [107, 108], [107, 112], [112, 113], [112, 114], [114, 115], [114, 117]], "missing_branches": []}, "get_camera_info": {"executed_lines": [142, 144, 145, 147, 148, 150, 151, 153, 158, 160, 161, 163, 168, 169, 170, 171, 172, 174, 175, 176, 177, 178, 179, 181], "summary": {"covered_lines": 24, "num_statements": 32, "percent_covered": 78.57142857142857, "percent_covered_display": "79", "missing_lines": 8, "excluded_lines": 0, "percent_statements_covered": 75.0, "percent_statements_covered_display": "75", "num_branches": 10, "num_partial_branches": 1, "covered_branches": 9, "missing_branches": 1, "percent_branches_covered": 90.0, "percent_branches_covered_display": "90"}, "missing_lines": [154, 155, 156, 185, 186, 187, 188, 189], "excluded_lines": [], "start_line": 132, "executed_branches": [[147, 148], [147, 150], [151, 153], [151, 160], [153, 158], [168, 169], [168, 174], [174, 175], [174, 181]], "missing_branches": [[153, 154]]}, "list_all_cameras": {"executed_lines": [202, 204, 206, 207, 209, 210, 211, 212, 213, 214, 215, 216, 217, 218, 219, 220, 221, 222, 224, 229, 231, 232, 233], "summary": {"covered_lines": 23, "num_statements": 24, "percent_covered": 96.66666666666667, "percent_covered_display": "97", "missing_lines": 1, "excluded_lines": 0, "percent_statements_covered": 95.83333333333333, "percent_statements_covered_display": "96", "num_branches": 6, "num_partial_branches": 0, "covered_branches": 6, "missing_branches": 0, "percent_branches_covered": 100.0, "percent_branches_covered_display": "100"}, "missing_lines": [230], "excluded_lines": [], "start_line": 192, "executed_branches": [[211, 212], [211, 224], [214, 215], [214, 216], [217, 218], [217, 222]], "missing_branches": []}, "": {"executed_lines": [4, 7, 8, 10, 13, 74, 132, 192], "summary": {"covered_lines": 8, "num_statements": 8, "percent_covered": 100.0, "percent_covered_display": "100", "missing_lines": 0, "excluded_lines": 0, "percent_statements_covered": 100.0, "percent_statements_covered_display": "100", "num_branches": 0, "num_partial_branches": 0, "covered_branches": 0, "missing_branches": 0, "percent_branches_covered": 100.0, "percent_branches_covered_display": "100"}, "missing_lines": [], "excluded_lines": [], "start_line": 1, "executed_branches": [], "missing_branches": []}}, "classes": {"": {"executed_lines": [4, 7, 8, 10, 13, 31, 33, 34, 36, 37, 38, 40, 41, 43, 44, 46, 48, 49, 54, 55, 61, 67, 68, 69, 70, 71, 74, 93, 95, 96, 98, 99, 101, 102, 104, 105, 106, 107, 108, 112, 113, 114, 115, 117, 119, 125, 127, 128, 129, 132, 142, 144, 145, 147, 148, 150, 151, 153, 158, 160, 161, 163, 168, 169, 170, 171, 172, 174, 175, 176, 177, 178, 179, 181, 192, 202, 204, 206, 207, 209, 210, 211, 212, 213, 214, 215, 216, 217, 218, 219, 220, 221, 222, 224, 229, 231, 232, 233], "summary": {"covered_lines": 98, "num_statements": 108, "percent_covered": 92.14285714285714, "percent_covered_display": "92", "missing_lines": 10, "excluded_lines": 0, "percent_statements_covered": 90.74074074074075, "percent_statements_covered_display": "91", "num_branches": 32, "num_partial_branches": 1, "covered_branches": 31, "missing_branches": 1, "percent_branches_covered": 96.875, "percent_branches_covered_display": "97"}, "missing_lines": [126, 154, 155, 156, 185, 186, 187, 188, 189, 230], "excluded_lines": [], "start_line": 1, "executed_branches": [[40, 41], [40, 46], [48, 49], [48, 54], [54, 55], [54, 61], [98, 99], [98, 101], [105, 106], [105, 107], [107, 108], [107, 112], [112, 113], [112, 114], [114, 115], [114, 117], [147, 148], [147, 150], [151, 153], [151, 160], [153, 158], [168, 169], [168, 174], [174, 175], [174, 181], [211, 212], [211, 224], [214, 215], [214, 216], [217, 218], [217, 222]], "missing_branches": [[153, 154]]}}}, "src\\dcc_mcp_maya\\actions\\constraints.py": {"executed_lines": [4, 7, 8, 10, 13, 38, 40, 42, 43, 45, 46, 51, 52, 57, 58, 63, 64, 65, 67, 74, 75, 76, 78, 86, 87, 93, 109, 111, 119, 120, 122, 123, 128, 129, 134, 136, 137, 138, 139, 140, 141, 143, 149, 150, 156, 168, 170, 178, 179, 181, 182, 187, 188, 189, 190, 191, 193, 199, 200, 206, 235, 237, 239, 240, 242, 243, 245, 246, 251, 257, 258, 259, 265, 266, 267, 269, 276, 278, 279, 283, 284, 287, 288, 291, 292, 293, 294, 295, 297, 308, 310, 311, 312], "summary": {"covered_lines": 93, "num_statements": 105, "percent_covered": 89.79591836734694, "percent_covered_display": "90", "missing_lines": 12, "excluded_lines": 0, "percent_statements_covered": 88.57142857142857, "percent_statements_covered_display": "89", "num_branches": 42, "num_partial_branches": 3, "covered_branches": 39, "missing_branches": 3, "percent_branches_covered": 92.85714285714286, "percent_branches_covered_display": "93"}, "missing_lines": [88, 89, 90, 151, 152, 153, 201, 202, 203, 252, 280, 309], "excluded_lines": [], "executed_branches": [[45, 46], [45, 51], [51, 52], [51, 57], [57, 58], [57, 63], [64, 65], [64, 67], [122, 123], [122, 128], [128, 129], [128, 134], [137, 138], [137, 143], [139, 137], [139, 140], [181, 182], [181, 187], [188, 189], [188, 193], [190, 188], [190, 191], [242, 243], [242, 245], [245, 246], [245, 251], [251, 257], [257, 258], [257, 265], [258, 257], [258, 259], [266, 267], [266, 269], [279, 283], [287, 288], [287, 291], [291, 292], [291, 297], [294, 295]], "missing_branches": [[251, 252], [279, 280], [294, 291]], "functions": {"add_constraint": {"executed_lines": [38, 40, 42, 43, 45, 46, 51, 52, 57, 58, 63, 64, 65, 67, 74, 75, 76, 78, 86, 87], "summary": {"covered_lines": 20, "num_statements": 23, "percent_covered": 90.3225806451613, "percent_covered_display": "90", "missing_lines": 3, "excluded_lines": 0, "percent_statements_covered": 86.95652173913044, "percent_statements_covered_display": "87", "num_branches": 8, "num_partial_branches": 0, "covered_branches": 8, "missing_branches": 0, "percent_branches_covered": 100.0, "percent_branches_covered_display": "100"}, "missing_lines": [88, 89, 90], "excluded_lines": [], "start_line": 13, "executed_branches": [[45, 46], [45, 51], [51, 52], [51, 57], [57, 58], [57, 63], [64, 65], [64, 67]], "missing_branches": []}, "remove_constraint": {"executed_lines": [109, 111, 119, 120, 122, 123, 128, 129, 134, 136, 137, 138, 139, 140, 141, 143, 149, 150], "summary": {"covered_lines": 18, "num_statements": 21, "percent_covered": 89.65517241379311, "percent_covered_display": "90", "missing_lines": 3, "excluded_lines": 0, "percent_statements_covered": 85.71428571428571, "percent_statements_covered_display": "86", "num_branches": 8, "num_partial_branches": 0, "covered_branches": 8, "missing_branches": 0, "percent_branches_covered": 100.0, "percent_branches_covered_display": "100"}, "missing_lines": [151, 152, 153], "excluded_lines": [], "start_line": 93, "executed_branches": [[122, 123], [122, 128], [128, 129], [128, 134], [137, 138], [137, 143], [139, 137], [139, 140]], "missing_branches": []}, "list_constraints": {"executed_lines": [168, 170, 178, 179, 181, 182, 187, 188, 189, 190, 191, 193, 199, 200], "summary": {"covered_lines": 14, "num_statements": 17, "percent_covered": 86.95652173913044, "percent_covered_display": "87", "missing_lines": 3, "excluded_lines": 0, "percent_statements_covered": 82.3529411764706, "percent_statements_covered_display": "82", "num_branches": 6, "num_partial_branches": 0, "covered_branches": 6, "missing_branches": 0, "percent_branches_covered": 100.0, "percent_branches_covered_display": "100"}, "missing_lines": [201, 202, 203], "excluded_lines": [], "start_line": 156, "executed_branches": [[181, 182], [181, 187], [188, 189], [188, 193], [190, 188], [190, 191]], "missing_branches": []}, "create_constraint_weighted": {"executed_lines": [235, 237, 239, 240, 242, 243, 245, 246, 251, 257, 258, 259, 265, 266, 267, 269, 276, 278, 279, 283, 284, 287, 288, 291, 292, 293, 294, 295, 297, 308, 310, 311, 312], "summary": {"covered_lines": 33, "num_statements": 36, "percent_covered": 89.28571428571429, "percent_covered_display": "89", "missing_lines": 3, "excluded_lines": 0, "percent_statements_covered": 91.66666666666667, "percent_statements_covered_display": "92", "num_branches": 20, "num_partial_branches": 3, "covered_branches": 17, "missing_branches": 3, "percent_branches_covered": 85.0, "percent_branches_covered_display": "85"}, "missing_lines": [252, 280, 309], "excluded_lines": [], "start_line": 206, "executed_branches": [[242, 243], [242, 245], [245, 246], [245, 251], [251, 257], [257, 258], [257, 265], [258, 257], [258, 259], [266, 267], [266, 269], [279, 283], [287, 288], [287, 291], [291, 292], [291, 297], [294, 295]], "missing_branches": [[251, 252], [279, 280], [294, 291]]}, "": {"executed_lines": [4, 7, 8, 10, 13, 93, 156, 206], "summary": {"covered_lines": 8, "num_statements": 8, "percent_covered": 100.0, "percent_covered_display": "100", "missing_lines": 0, "excluded_lines": 0, "percent_statements_covered": 100.0, "percent_statements_covered_display": "100", "num_branches": 0, "num_partial_branches": 0, "covered_branches": 0, "missing_branches": 0, "percent_branches_covered": 100.0, "percent_branches_covered_display": "100"}, "missing_lines": [], "excluded_lines": [], "start_line": 1, "executed_branches": [], "missing_branches": []}}, "classes": {"": {"executed_lines": [4, 7, 8, 10, 13, 38, 40, 42, 43, 45, 46, 51, 52, 57, 58, 63, 64, 65, 67, 74, 75, 76, 78, 86, 87, 93, 109, 111, 119, 120, 122, 123, 128, 129, 134, 136, 137, 138, 139, 140, 141, 143, 149, 150, 156, 168, 170, 178, 179, 181, 182, 187, 188, 189, 190, 191, 193, 199, 200, 206, 235, 237, 239, 240, 242, 243, 245, 246, 251, 257, 258, 259, 265, 266, 267, 269, 276, 278, 279, 283, 284, 287, 288, 291, 292, 293, 294, 295, 297, 308, 310, 311, 312], "summary": {"covered_lines": 93, "num_statements": 105, "percent_covered": 89.79591836734694, "percent_covered_display": "90", "missing_lines": 12, "excluded_lines": 0, "percent_statements_covered": 88.57142857142857, "percent_statements_covered_display": "89", "num_branches": 42, "num_partial_branches": 3, "covered_branches": 39, "missing_branches": 3, "percent_branches_covered": 92.85714285714286, "percent_branches_covered_display": "93"}, "missing_lines": [88, 89, 90, 151, 152, 153, 201, 202, 203, 252, 280, 309], "excluded_lines": [], "start_line": 1, "executed_branches": [[45, 46], [45, 51], [51, 52], [51, 57], [57, 58], [57, 63], [64, 65], [64, 67], [122, 123], [122, 128], [128, 129], [128, 134], [137, 138], [137, 143], [139, 137], [139, 140], [181, 182], [181, 187], [188, 189], [188, 193], [190, 188], [190, 191], [242, 243], [242, 245], [245, 246], [245, 251], [251, 257], [257, 258], [257, 265], [258, 257], [258, 259], [266, 267], [266, 269], [279, 283], [287, 288], [287, 291], [291, 292], [291, 297], [294, 295]], "missing_branches": [[251, 252], [279, 280], [294, 291]]}}}, "src\\dcc_mcp_maya\\actions\\deformer_advanced.py": {"executed_lines": [4, 7, 8, 10, 13, 31, 33, 34, 39, 40, 42, 43, 44, 49, 50, 51, 53, 55, 56, 58, 65, 67, 68, 69, 72, 93, 95, 96, 101, 102, 104, 105, 109, 110, 115, 117, 118, 119, 123, 125, 126, 128, 129, 130, 132, 146, 167, 169, 170, 175, 177, 178, 180, 181, 182, 187, 190, 191, 193, 195, 196, 197, 199, 200, 201, 202, 204, 214, 216, 217, 218, 221, 240, 242, 243, 247, 248, 253, 254, 256, 257, 258, 263, 264, 265, 270, 274, 275, 277, 278, 280, 287, 288, 294, 316, 318, 319, 320, 321, 326, 327, 332, 333, 335, 336, 337, 342, 346, 347, 349, 351, 352, 353, 355], "summary": {"covered_lines": 114, "num_statements": 129, "percent_covered": 90.85714285714286, "percent_covered_display": "91", "missing_lines": 15, "excluded_lines": 0, "percent_statements_covered": 88.37209302325581, "percent_statements_covered_display": "88", "num_branches": 46, "num_partial_branches": 1, "covered_branches": 45, "missing_branches": 1, "percent_branches_covered": 97.82608695652173, "percent_branches_covered_display": "98"}, "missing_lines": [66, 139, 140, 141, 142, 143, 215, 289, 290, 291, 366, 367, 368, 369, 370], "excluded_lines": [], "executed_branches": [[33, 34], [33, 39], [43, 44], [43, 49], [50, 51], [50, 53], [95, 96], [95, 101], [104, 105], [104, 109], [109, 110], [109, 115], [117, 118], [117, 125], [118, 119], [118, 123], [125, 126], [128, 129], [128, 132], [169, 170], [169, 175], [181, 182], [181, 187], [190, 191], [190, 193], [199, 200], [199, 204], [242, 243], [242, 247], [247, 248], [247, 253], [257, 258], [257, 263], [264, 265], [264, 270], [274, 275], [274, 277], [320, 321], [320, 326], [326, 327], [326, 332], [336, 337], [336, 342], [346, 347], [346, 349]], "missing_branches": [[125, 128]], "functions": {"create_cluster": {"executed_lines": [31, 33, 34, 39, 40, 42, 43, 44, 49, 50, 51, 53, 55, 56, 58, 65, 67, 68, 69], "summary": {"covered_lines": 19, "num_statements": 20, "percent_covered": 96.15384615384616, "percent_covered_display": "96", "missing_lines": 1, "excluded_lines": 0, "percent_statements_covered": 95.0, "percent_statements_covered_display": "95", "num_branches": 6, "num_partial_branches": 0, "covered_branches": 6, "missing_branches": 0, "percent_branches_covered": 100.0, "percent_branches_covered_display": "100"}, "missing_lines": [66], "excluded_lines": [], "start_line": 13, "executed_branches": [[33, 34], [33, 39], [43, 44], [43, 49], [50, 51], [50, 53]], "missing_branches": []}, "set_cluster_weights": {"executed_lines": [93, 95, 96, 101, 102, 104, 105, 109, 110, 115, 117, 118, 119, 123, 125, 126, 128, 129, 130, 132], "summary": {"covered_lines": 20, "num_statements": 25, "percent_covered": 84.61538461538461, "percent_covered_display": "85", "missing_lines": 5, "excluded_lines": 0, "percent_statements_covered": 80.0, "percent_statements_covered_display": "80", "num_branches": 14, "num_partial_branches": 1, "covered_branches": 13, "missing_branches": 1, "percent_branches_covered": 92.85714285714286, "percent_branches_covered_display": "93"}, "missing_lines": [139, 140, 141, 142, 143], "excluded_lines": [], "start_line": 72, "executed_branches": [[95, 96], [95, 101], [104, 105], [104, 109], [109, 110], [109, 115], [117, 118], [117, 125], [118, 119], [118, 123], [125, 126], [128, 129], [128, 132]], "missing_branches": [[125, 128]]}, "create_lattice": {"executed_lines": [167, 169, 170, 175, 177, 178, 180, 181, 182, 187, 190, 191, 193, 195, 196, 197, 199, 200, 201, 202, 204, 214, 216, 217, 218], "summary": {"covered_lines": 25, "num_statements": 26, "percent_covered": 97.05882352941177, "percent_covered_display": "97", "missing_lines": 1, "excluded_lines": 0, "percent_statements_covered": 96.15384615384616, "percent_statements_covered_display": "96", "num_branches": 8, "num_partial_branches": 0, "covered_branches": 8, "missing_branches": 0, "percent_branches_covered": 100.0, "percent_branches_covered_display": "100"}, "missing_lines": [215], "excluded_lines": [], "start_line": 146, "executed_branches": [[169, 170], [169, 175], [181, 182], [181, 187], [190, 191], [190, 193], [199, 200], [199, 204]], "missing_branches": []}, "wire_deformer": {"executed_lines": [240, 242, 243, 247, 248, 253, 254, 256, 257, 258, 263, 264, 265, 270, 274, 275, 277, 278, 280, 287, 288], "summary": {"covered_lines": 21, "num_statements": 24, "percent_covered": 91.17647058823529, "percent_covered_display": "91", "missing_lines": 3, "excluded_lines": 0, "percent_statements_covered": 87.5, "percent_statements_covered_display": "88", "num_branches": 10, "num_partial_branches": 0, "covered_branches": 10, "missing_branches": 0, "percent_branches_covered": 100.0, "percent_branches_covered_display": "100"}, "missing_lines": [289, 290, 291], "excluded_lines": [], "start_line": 221, "executed_branches": [[242, 243], [242, 247], [247, 248], [247, 253], [257, 258], [257, 263], [264, 265], [264, 270], [274, 275], [274, 277]], "missing_branches": []}, "sculpt_deformer": {"executed_lines": [316, 318, 319, 320, 321, 326, 327, 332, 333, 335, 336, 337, 342, 346, 347, 349, 351, 352, 353, 355], "summary": {"covered_lines": 20, "num_statements": 25, "percent_covered": 84.84848484848484, "percent_covered_display": "85", "missing_lines": 5, "excluded_lines": 0, "percent_statements_covered": 80.0, "percent_statements_covered_display": "80", "num_branches": 8, "num_partial_branches": 0, "covered_branches": 8, "missing_branches": 0, "percent_branches_covered": 100.0, "percent_branches_covered_display": "100"}, "missing_lines": [366, 367, 368, 369, 370], "excluded_lines": [], "start_line": 294, "executed_branches": [[320, 321], [320, 326], [326, 327], [326, 332], [336, 337], [336, 342], [346, 347], [346, 349]], "missing_branches": []}, "": {"executed_lines": [4, 7, 8, 10, 13, 72, 146, 221, 294], "summary": {"covered_lines": 9, "num_statements": 9, "percent_covered": 100.0, "percent_covered_display": "100", "missing_lines": 0, "excluded_lines": 0, "percent_statements_covered": 100.0, "percent_statements_covered_display": "100", "num_branches": 0, "num_partial_branches": 0, "covered_branches": 0, "missing_branches": 0, "percent_branches_covered": 100.0, "percent_branches_covered_display": "100"}, "missing_lines": [], "excluded_lines": [], "start_line": 1, "executed_branches": [], "missing_branches": []}}, "classes": {"": {"executed_lines": [4, 7, 8, 10, 13, 31, 33, 34, 39, 40, 42, 43, 44, 49, 50, 51, 53, 55, 56, 58, 65, 67, 68, 69, 72, 93, 95, 96, 101, 102, 104, 105, 109, 110, 115, 117, 118, 119, 123, 125, 126, 128, 129, 130, 132, 146, 167, 169, 170, 175, 177, 178, 180, 181, 182, 187, 190, 191, 193, 195, 196, 197, 199, 200, 201, 202, 204, 214, 216, 217, 218, 221, 240, 242, 243, 247, 248, 253, 254, 256, 257, 258, 263, 264, 265, 270, 274, 275, 277, 278, 280, 287, 288, 294, 316, 318, 319, 320, 321, 326, 327, 332, 333, 335, 336, 337, 342, 346, 347, 349, 351, 352, 353, 355], "summary": {"covered_lines": 114, "num_statements": 129, "percent_covered": 90.85714285714286, "percent_covered_display": "91", "missing_lines": 15, "excluded_lines": 0, "percent_statements_covered": 88.37209302325581, "percent_statements_covered_display": "88", "num_branches": 46, "num_partial_branches": 1, "covered_branches": 45, "missing_branches": 1, "percent_branches_covered": 97.82608695652173, "percent_branches_covered_display": "98"}, "missing_lines": [66, 139, 140, 141, 142, 143, 215, 289, 290, 291, 366, 367, 368, 369, 370], "excluded_lines": [], "start_line": 1, "executed_branches": [[33, 34], [33, 39], [43, 44], [43, 49], [50, 51], [50, 53], [95, 96], [95, 101], [104, 105], [104, 109], [109, 110], [109, 115], [117, 118], [117, 125], [118, 119], [118, 123], [125, 126], [128, 129], [128, 132], [169, 170], [169, 175], [181, 182], [181, 187], [190, 191], [190, 193], [199, 200], [199, 204], [242, 243], [242, 247], [247, 248], [247, 253], [257, 258], [257, 263], [264, 265], [264, 270], [274, 275], [274, 277], [320, 321], [320, 326], [326, 327], [326, 332], [336, 337], [336, 342], [346, 347], [346, 349]], "missing_branches": [[125, 128]]}}}, "src\\dcc_mcp_maya\\actions\\deformer_utils.py": {"executed_lines": [4, 7, 8, 10, 13, 34, 36, 37, 39, 40, 46, 47, 50, 53, 54, 61, 65, 74, 80, 82, 83, 84, 89, 113, 115, 116, 121, 122, 124, 125, 130, 131, 133, 134, 137, 138, 139, 140, 144, 154, 155, 156, 160, 161, 163, 164, 165, 166, 169, 170, 171, 174, 175, 177, 178, 179, 180, 181, 182, 183, 184, 189, 190, 192, 198, 200, 201, 202], "summary": {"covered_lines": 68, "num_statements": 74, "percent_covered": 90.0, "percent_covered_display": "90", "missing_lines": 6, "excluded_lines": 0, "percent_statements_covered": 91.89189189189189, "percent_statements_covered_display": "92", "num_branches": 26, "num_partial_branches": 4, "covered_branches": 22, "missing_branches": 4, "percent_branches_covered": 84.61538461538461, "percent_branches_covered_display": "85"}, "missing_lines": [81, 145, 167, 176, 186, 199], "excluded_lines": [], "executed_branches": [[39, 40], [39, 46], [53, 54], [53, 61], [115, 116], [115, 121], [124, 125], [124, 130], [138, 139], [138, 154], [139, 140], [139, 144], [144, 138], [160, 161], [160, 189], [166, 169], [169, 160], [169, 170], [175, 177], [177, 178], [177, 181], [181, 182]], "missing_branches": [[144, 145], [166, 167], [175, 176], [181, 186]], "functions": {"list_deformers": {"executed_lines": [34, 36, 37, 39, 40, 46, 47, 50, 53, 54, 61, 65, 74, 80, 82, 83, 84], "summary": {"covered_lines": 17, "num_statements": 18, "percent_covered": 95.45454545454545, "percent_covered_display": "95", "missing_lines": 1, "excluded_lines": 0, "percent_statements_covered": 94.44444444444444, "percent_statements_covered_display": "94", "num_branches": 4, "num_partial_branches": 0, "covered_branches": 4, "missing_branches": 0, "percent_branches_covered": 100.0, "percent_branches_covered_display": "100"}, "missing_lines": [81], "excluded_lines": [], "start_line": 13, "executed_branches": [[39, 40], [39, 46], [53, 54], [53, 61]], "missing_branches": []}, "reorder_deformers": {"executed_lines": [113, 115, 116, 121, 122, 124, 125, 130, 131, 133, 134, 137, 138, 139, 140, 144, 154, 155, 156, 160, 161, 163, 164, 165, 166, 169, 170, 171, 174, 175, 177, 178, 179, 180, 181, 182, 183, 184, 189, 190, 192, 198, 200, 201, 202], "summary": {"covered_lines": 45, "num_statements": 50, "percent_covered": 87.5, "percent_covered_display": "88", "missing_lines": 5, "excluded_lines": 0, "percent_statements_covered": 90.0, "percent_statements_covered_display": "90", "num_branches": 22, "num_partial_branches": 4, "covered_branches": 18, "missing_branches": 4, "percent_branches_covered": 81.81818181818181, "percent_branches_covered_display": "82"}, "missing_lines": [145, 167, 176, 186, 199], "excluded_lines": [], "start_line": 89, "executed_branches": [[115, 116], [115, 121], [124, 125], [124, 130], [138, 139], [138, 154], [139, 140], [139, 144], [144, 138], [160, 161], [160, 189], [166, 169], [169, 160], [169, 170], [175, 177], [177, 178], [177, 181], [181, 182]], "missing_branches": [[144, 145], [166, 167], [175, 176], [181, 186]]}, "": {"executed_lines": [4, 7, 8, 10, 13, 89], "summary": {"covered_lines": 6, "num_statements": 6, "percent_covered": 100.0, "percent_covered_display": "100", "missing_lines": 0, "excluded_lines": 0, "percent_statements_covered": 100.0, "percent_statements_covered_display": "100", "num_branches": 0, "num_partial_branches": 0, "covered_branches": 0, "missing_branches": 0, "percent_branches_covered": 100.0, "percent_branches_covered_display": "100"}, "missing_lines": [], "excluded_lines": [], "start_line": 1, "executed_branches": [], "missing_branches": []}}, "classes": {"": {"executed_lines": [4, 7, 8, 10, 13, 34, 36, 37, 39, 40, 46, 47, 50, 53, 54, 61, 65, 74, 80, 82, 83, 84, 89, 113, 115, 116, 121, 122, 124, 125, 130, 131, 133, 134, 137, 138, 139, 140, 144, 154, 155, 156, 160, 161, 163, 164, 165, 166, 169, 170, 171, 174, 175, 177, 178, 179, 180, 181, 182, 183, 184, 189, 190, 192, 198, 200, 201, 202], "summary": {"covered_lines": 68, "num_statements": 74, "percent_covered": 90.0, "percent_covered_display": "90", "missing_lines": 6, "excluded_lines": 0, "percent_statements_covered": 91.89189189189189, "percent_statements_covered_display": "92", "num_branches": 26, "num_partial_branches": 4, "covered_branches": 22, "missing_branches": 4, "percent_branches_covered": 84.61538461538461, "percent_branches_covered_display": "85"}, "missing_lines": [81, 145, 167, 176, 186, 199], "excluded_lines": [], "start_line": 1, "executed_branches": [[39, 40], [39, 46], [53, 54], [53, 61], [115, 116], [115, 121], [124, 125], [124, 130], [138, 139], [138, 154], [139, 140], [139, 144], [144, 138], [160, 161], [160, 189], [166, 169], [169, 160], [169, 170], [175, 177], [177, 178], [177, 181], [181, 182]], "missing_branches": [[144, 145], [166, 167], [175, 176], [181, 186]]}}}, "src\\dcc_mcp_maya\\actions\\display.py": {"executed_lines": [8, 11, 12, 14, 17, 37, 39, 40, 42, 43, 45, 46, 52, 53, 54, 55, 60, 63, 64, 66, 67, 69, 76, 77, 78, 79, 80, 83, 97, 99, 100, 102, 103, 108, 109, 115, 116, 123, 125, 130, 132, 133, 134, 139, 155, 157, 158, 160, 161, 166, 167, 172, 173, 178, 179, 180, 181, 182, 183, 185, 187, 195, 197, 198, 199, 202, 209, 211, 212, 214, 215, 216, 217, 218, 227, 232, 234, 235, 236], "summary": {"covered_lines": 79, "num_statements": 82, "percent_covered": 96.29629629629629, "percent_covered_display": "96", "missing_lines": 3, "excluded_lines": 0, "percent_statements_covered": 96.34146341463415, "percent_statements_covered_display": "96", "num_branches": 26, "num_partial_branches": 1, "covered_branches": 25, "missing_branches": 1, "percent_branches_covered": 96.15384615384616, "percent_branches_covered_display": "96"}, "missing_lines": [131, 196, 233], "excluded_lines": [], "executed_branches": [[42, 43], [42, 45], [45, 46], [45, 52], [54, 55], [54, 60], [66, 67], [66, 69], [102, 103], [102, 108], [108, 109], [108, 115], [115, 116], [115, 123], [160, 161], [160, 166], [166, 167], [166, 172], [172, 173], [172, 178], [179, 180], [179, 185], [181, 182], [216, 217], [216, 227]], "missing_branches": [[181, 185]], "functions": {"create_display_layer": {"executed_lines": [37, 39, 40, 42, 43, 45, 46, 52, 53, 54, 55, 60, 63, 64, 66, 67, 69, 76, 77, 78, 79, 80], "summary": {"covered_lines": 22, "num_statements": 22, "percent_covered": 100.0, "percent_covered_display": "100", "missing_lines": 0, "excluded_lines": 0, "percent_statements_covered": 100.0, "percent_statements_covered_display": "100", "num_branches": 8, "num_partial_branches": 0, "covered_branches": 8, "missing_branches": 0, "percent_branches_covered": 100.0, "percent_branches_covered_display": "100"}, "missing_lines": [], "excluded_lines": [], "start_line": 17, "executed_branches": [[42, 43], [42, 45], [45, 46], [45, 52], [54, 55], [54, 60], [66, 67], [66, 69]], "missing_branches": []}, "set_display_layer": {"executed_lines": [97, 99, 100, 102, 103, 108, 109, 115, 116, 123, 125, 130, 132, 133, 134], "summary": {"covered_lines": 15, "num_statements": 16, "percent_covered": 95.45454545454545, "percent_covered_display": "95", "missing_lines": 1, "excluded_lines": 0, "percent_statements_covered": 93.75, "percent_statements_covered_display": "94", "num_branches": 6, "num_partial_branches": 0, "covered_branches": 6, "missing_branches": 0, "percent_branches_covered": 100.0, "percent_branches_covered_display": "100"}, "missing_lines": [131], "excluded_lines": [], "start_line": 83, "executed_branches": [[102, 103], [102, 108], [108, 109], [108, 115], [115, 116], [115, 123]], "missing_branches": []}, "delete_display_layer": {"executed_lines": [155, 157, 158, 160, 161, 166, 167, 172, 173, 178, 179, 180, 181, 182, 183, 185, 187, 195, 197, 198, 199], "summary": {"covered_lines": 21, "num_statements": 22, "percent_covered": 93.75, "percent_covered_display": "94", "missing_lines": 1, "excluded_lines": 0, "percent_statements_covered": 95.45454545454545, "percent_statements_covered_display": "95", "num_branches": 10, "num_partial_branches": 1, "covered_branches": 9, "missing_branches": 1, "percent_branches_covered": 90.0, "percent_branches_covered_display": "90"}, "missing_lines": [196], "excluded_lines": [], "start_line": 139, "executed_branches": [[160, 161], [160, 166], [166, 167], [166, 172], [172, 173], [172, 178], [179, 180], [179, 185], [181, 182]], "missing_branches": [[181, 185]]}, "list_display_layers": {"executed_lines": [209, 211, 212, 214, 215, 216, 217, 218, 227, 232, 234, 235, 236], "summary": {"covered_lines": 13, "num_statements": 14, "percent_covered": 93.75, "percent_covered_display": "94", "missing_lines": 1, "excluded_lines": 0, "percent_statements_covered": 92.85714285714286, "percent_statements_covered_display": "93", "num_branches": 2, "num_partial_branches": 0, "covered_branches": 2, "missing_branches": 0, "percent_branches_covered": 100.0, "percent_branches_covered_display": "100"}, "missing_lines": [233], "excluded_lines": [], "start_line": 202, "executed_branches": [[216, 217], [216, 227]], "missing_branches": []}, "": {"executed_lines": [8, 11, 12, 14, 17, 83, 139, 202], "summary": {"covered_lines": 8, "num_statements": 8, "percent_covered": 100.0, "percent_covered_display": "100", "missing_lines": 0, "excluded_lines": 0, "percent_statements_covered": 100.0, "percent_statements_covered_display": "100", "num_branches": 0, "num_partial_branches": 0, "covered_branches": 0, "missing_branches": 0, "percent_branches_covered": 100.0, "percent_branches_covered_display": "100"}, "missing_lines": [], "excluded_lines": [], "start_line": 1, "executed_branches": [], "missing_branches": []}}, "classes": {"": {"executed_lines": [8, 11, 12, 14, 17, 37, 39, 40, 42, 43, 45, 46, 52, 53, 54, 55, 60, 63, 64, 66, 67, 69, 76, 77, 78, 79, 80, 83, 97, 99, 100, 102, 103, 108, 109, 115, 116, 123, 125, 130, 132, 133, 134, 139, 155, 157, 158, 160, 161, 166, 167, 172, 173, 178, 179, 180, 181, 182, 183, 185, 187, 195, 197, 198, 199, 202, 209, 211, 212, 214, 215, 216, 217, 218, 227, 232, 234, 235, 236], "summary": {"covered_lines": 79, "num_statements": 82, "percent_covered": 96.29629629629629, "percent_covered_display": "96", "missing_lines": 3, "excluded_lines": 0, "percent_statements_covered": 96.34146341463415, "percent_statements_covered_display": "96", "num_branches": 26, "num_partial_branches": 1, "covered_branches": 25, "missing_branches": 1, "percent_branches_covered": 96.15384615384616, "percent_branches_covered_display": "96"}, "missing_lines": [131, 196, 233], "excluded_lines": [], "start_line": 1, "executed_branches": [[42, 43], [42, 45], [45, 46], [45, 52], [54, 55], [54, 60], [66, 67], [66, 69], [102, 103], [102, 108], [108, 109], [108, 115], [115, 116], [115, 123], [160, 161], [160, 166], [166, 167], [166, 172], [172, 173], [172, 178], [179, 180], [179, 185], [181, 182], [216, 217], [216, 227]], "missing_branches": [[181, 185]]}}}, "src\\dcc_mcp_maya\\actions\\dynamics.py": {"executed_lines": [4, 7, 8, 10, 12, 23, 26, 47, 49, 51, 52, 54, 55, 56, 58, 61, 64, 65, 72, 73, 74, 76, 83, 84, 90, 108, 110, 111, 113, 114, 119, 120, 121, 126, 127, 128, 133, 134, 135, 138, 140, 155, 177, 179, 180, 181, 186, 187, 189, 190, 196, 197, 200, 201, 204, 205, 206, 209, 210, 211, 212, 213, 217, 218, 220, 227, 228, 234, 253, 255, 256, 261, 262, 264, 265, 270, 271, 272, 277, 279, 284, 285, 293, 314, 316, 317, 319, 320, 325, 326, 327, 332, 333, 339, 340, 341, 342, 343, 344, 347, 348, 354, 355, 368, 389, 391, 392, 394, 395, 400, 401, 402, 407, 408, 413, 414, 415, 416, 417, 418, 420, 421, 427, 428, 441, 462, 464, 465, 467, 468, 473, 474, 475, 480, 481, 482, 487, 488, 489, 490, 492, 494, 500, 502, 503, 504, 509, 519, 521, 522, 524, 526, 527, 528, 529, 532, 533, 536, 537, 538, 539, 541, 547, 559, 577, 579, 580, 585, 586, 588, 589, 594, 595, 596, 601, 602, 603, 608, 609, 610, 611, 613, 615, 621, 623, 624, 625, 631, 639, 641, 642, 644, 646, 647, 648, 649, 651, 652, 658, 659, 660, 661, 663, 669, 674, 676, 677, 678], "summary": {"covered_lines": 208, "num_statements": 243, "percent_covered": 87.8419452887538, "percent_covered_display": "88", "missing_lines": 35, "excluded_lines": 0, "percent_statements_covered": 85.59670781893004, "percent_statements_covered_display": "86", "num_branches": 86, "num_partial_branches": 5, "covered_branches": 81, "missing_branches": 5, "percent_branches_covered": 94.18604651162791, "percent_branches_covered_display": "94"}, "missing_lines": [85, 86, 87, 136, 146, 147, 148, 149, 150, 191, 198, 229, 230, 231, 286, 287, 288, 361, 362, 363, 364, 365, 434, 435, 436, 437, 438, 501, 552, 553, 554, 555, 556, 622, 675], "excluded_lines": [], "executed_branches": [[55, 56], [55, 58], [73, 74], [73, 76], [113, 114], [113, 119], [120, 121], [120, 126], [127, 128], [127, 133], [133, 134], [133, 135], [135, 138], [180, 181], [180, 186], [190, 196], [197, 200], [205, 206], [205, 209], [210, 211], [210, 220], [212, 213], [212, 217], [255, 256], [255, 261], [264, 265], [264, 270], [271, 272], [271, 277], [319, 320], [319, 325], [326, 327], [326, 332], [332, 333], [332, 339], [341, 342], [341, 343], [347, 348], [347, 354], [394, 395], [394, 400], [401, 402], [401, 407], [407, 408], [407, 413], [415, 416], [415, 417], [420, 421], [420, 427], [467, 468], [467, 473], [474, 475], [474, 480], [481, 482], [481, 487], [487, 488], [487, 489], [489, 490], [489, 492], [527, 528], [527, 547], [536, 537], [536, 541], [537, 538], [579, 580], [579, 585], [588, 589], [588, 594], [595, 596], [595, 601], [602, 603], [602, 608], [608, 609], [608, 610], [610, 611], [610, 613], [647, 648], [647, 669], [658, 659], [658, 663], [659, 660]], "missing_branches": [[135, 136], [190, 191], [197, 198], [537, 536], [659, 658]], "functions": {"create_nucleus": {"executed_lines": [47, 49, 51, 52, 54, 55, 56, 58, 61, 64, 65, 72, 73, 74, 76, 83, 84], "summary": {"covered_lines": 17, "num_statements": 20, "percent_covered": 87.5, "percent_covered_display": "88", "missing_lines": 3, "excluded_lines": 0, "percent_statements_covered": 85.0, "percent_statements_covered_display": "85", "num_branches": 4, "num_partial_branches": 0, "covered_branches": 4, "missing_branches": 0, "percent_branches_covered": 100.0, "percent_branches_covered_display": "100"}, "missing_lines": [85, 86, 87], "excluded_lines": [], "start_line": 26, "executed_branches": [[55, 56], [55, 58], [73, 74], [73, 76]], "missing_branches": []}, "set_nucleus_attribute": {"executed_lines": [108, 110, 111, 113, 114, 119, 120, 121, 126, 127, 128, 133, 134, 135, 138, 140], "summary": {"covered_lines": 16, "num_statements": 22, "percent_covered": 78.125, "percent_covered_display": "78", "missing_lines": 6, "excluded_lines": 0, "percent_statements_covered": 72.72727272727273, "percent_statements_covered_display": "73", "num_branches": 10, "num_partial_branches": 1, "covered_branches": 9, "missing_branches": 1, "percent_branches_covered": 90.0, "percent_branches_covered_display": "90"}, "missing_lines": [136, 146, 147, 148, 149, 150], "excluded_lines": [], "start_line": 90, "executed_branches": [[113, 114], [113, 119], [120, 121], [120, 126], [127, 128], [127, 133], [133, 134], [133, 135], [135, 138]], "missing_branches": [[135, 136]]}, "create_dynamic_field": {"executed_lines": [177, 179, 180, 181, 186, 187, 189, 190, 196, 197, 200, 201, 204, 205, 206, 209, 210, 211, 212, 213, 217, 218, 220, 227, 228], "summary": {"covered_lines": 25, "num_statements": 30, "percent_covered": 83.33333333333333, "percent_covered_display": "83", "missing_lines": 5, "excluded_lines": 0, "percent_statements_covered": 83.33333333333333, "percent_statements_covered_display": "83", "num_branches": 12, "num_partial_branches": 2, "covered_branches": 10, "missing_branches": 2, "percent_branches_covered": 83.33333333333333, "percent_branches_covered_display": "83"}, "missing_lines": [191, 198, 229, 230, 231], "excluded_lines": [], "start_line": 155, "executed_branches": [[180, 181], [180, 186], [190, 196], [197, 200], [205, 206], [205, 209], [210, 211], [210, 220], [212, 213], [212, 217]], "missing_branches": [[190, 191], [197, 198]]}, "connect_field_to_objects": {"executed_lines": [253, 255, 256, 261, 262, 264, 265, 270, 271, 272, 277, 279, 284, 285], "summary": {"covered_lines": 14, "num_statements": 17, "percent_covered": 86.95652173913044, "percent_covered_display": "87", "missing_lines": 3, "excluded_lines": 0, "percent_statements_covered": 82.3529411764706, "percent_statements_covered_display": "82", "num_branches": 6, "num_partial_branches": 0, "covered_branches": 6, "missing_branches": 0, "percent_branches_covered": 100.0, "percent_branches_covered_display": "100"}, "missing_lines": [286, 287, 288], "excluded_lines": [], "start_line": 234, "executed_branches": [[255, 256], [255, 261], [264, 265], [264, 270], [271, 272], [271, 277]], "missing_branches": []}, "create_ncloth": {"executed_lines": [314, 316, 317, 319, 320, 325, 326, 327, 332, 333, 339, 340, 341, 342, 343, 344, 347, 348, 354, 355], "summary": {"covered_lines": 20, "num_statements": 25, "percent_covered": 85.71428571428571, "percent_covered_display": "86", "missing_lines": 5, "excluded_lines": 0, "percent_statements_covered": 80.0, "percent_statements_covered_display": "80", "num_branches": 10, "num_partial_branches": 0, "covered_branches": 10, "missing_branches": 0, "percent_branches_covered": 100.0, "percent_branches_covered_display": "100"}, "missing_lines": [361, 362, 363, 364, 365], "excluded_lines": [], "start_line": 293, "executed_branches": [[319, 320], [319, 325], [326, 327], [326, 332], [332, 333], [332, 339], [341, 342], [341, 343], [347, 348], [347, 354]], "missing_branches": []}, "create_nrigid": {"executed_lines": [389, 391, 392, 394, 395, 400, 401, 402, 407, 408, 413, 414, 415, 416, 417, 418, 420, 421, 427, 428], "summary": {"covered_lines": 20, "num_statements": 25, "percent_covered": 85.71428571428571, "percent_covered_display": "86", "missing_lines": 5, "excluded_lines": 0, "percent_statements_covered": 80.0, "percent_statements_covered_display": "80", "num_branches": 10, "num_partial_branches": 0, "covered_branches": 10, "missing_branches": 0, "percent_branches_covered": 100.0, "percent_branches_covered_display": "100"}, "missing_lines": [434, 435, 436, 437, 438], "excluded_lines": [], "start_line": 368, "executed_branches": [[394, 395], [394, 400], [401, 402], [401, 407], [407, 408], [407, 413], [415, 416], [415, 417], [420, 421], [420, 427]], "missing_branches": []}, "set_ncloth_attribute": {"executed_lines": [462, 464, 465, 467, 468, 473, 474, 475, 480, 481, 482, 487, 488, 489, 490, 492, 494, 500, 502, 503, 504], "summary": {"covered_lines": 21, "num_statements": 22, "percent_covered": 96.875, "percent_covered_display": "97", "missing_lines": 1, "excluded_lines": 0, "percent_statements_covered": 95.45454545454545, "percent_statements_covered_display": "95", "num_branches": 10, "num_partial_branches": 0, "covered_branches": 10, "missing_branches": 0, "percent_branches_covered": 100.0, "percent_branches_covered_display": "100"}, "missing_lines": [501], "excluded_lines": [], "start_line": 441, "executed_branches": [[467, 468], [467, 473], [474, 475], [474, 480], [481, 482], [481, 487], [487, 488], [487, 489], [489, 490], [489, 492]], "missing_branches": []}, "list_ncloth_nodes": {"executed_lines": [519, 521, 522, 524, 526, 527, 528, 529, 532, 533, 536, 537, 538, 539, 541, 547], "summary": {"covered_lines": 16, "num_statements": 21, "percent_covered": 77.77777777777777, "percent_covered_display": "78", "missing_lines": 5, "excluded_lines": 0, "percent_statements_covered": 76.19047619047619, "percent_statements_covered_display": "76", "num_branches": 6, "num_partial_branches": 1, "covered_branches": 5, "missing_branches": 1, "percent_branches_covered": 83.33333333333333, "percent_branches_covered_display": "83"}, "missing_lines": [552, 553, 554, 555, 556], "excluded_lines": [], "start_line": 509, "executed_branches": [[527, 528], [527, 547], [536, 537], [536, 541], [537, 538]], "missing_branches": [[537, 536]]}, "set_nrigid_attribute": {"executed_lines": [577, 579, 580, 585, 586, 588, 589, 594, 595, 596, 601, 602, 603, 608, 609, 610, 611, 613, 615, 621, 623, 624, 625], "summary": {"covered_lines": 23, "num_statements": 24, "percent_covered": 97.22222222222223, "percent_covered_display": "97", "missing_lines": 1, "excluded_lines": 0, "percent_statements_covered": 95.83333333333333, "percent_statements_covered_display": "96", "num_branches": 12, "num_partial_branches": 0, "covered_branches": 12, "missing_branches": 0, "percent_branches_covered": 100.0, "percent_branches_covered_display": "100"}, "missing_lines": [622], "excluded_lines": [], "start_line": 559, "executed_branches": [[579, 580], [579, 585], [588, 589], [588, 594], [595, 596], [595, 601], [602, 603], [602, 608], [608, 609], [608, 610], [610, 611], [610, 613]], "missing_branches": []}, "list_nrigid_nodes": {"executed_lines": [639, 641, 642, 644, 646, 647, 648, 649, 651, 652, 658, 659, 660, 661, 663, 669, 674, 676, 677, 678], "summary": {"covered_lines": 20, "num_statements": 21, "percent_covered": 92.5925925925926, "percent_covered_display": "93", "missing_lines": 1, "excluded_lines": 0, "percent_statements_covered": 95.23809523809524, "percent_statements_covered_display": "95", "num_branches": 6, "num_partial_branches": 1, "covered_branches": 5, "missing_branches": 1, "percent_branches_covered": 83.33333333333333, "percent_branches_covered_display": "83"}, "missing_lines": [675], "excluded_lines": [], "start_line": 631, "executed_branches": [[647, 648], [647, 669], [658, 659], [658, 663], [659, 660]], "missing_branches": [[659, 658]]}, "": {"executed_lines": [4, 7, 8, 10, 12, 23, 26, 90, 155, 234, 293, 368, 441, 509, 559, 631], "summary": {"covered_lines": 16, "num_statements": 16, "percent_covered": 100.0, "percent_covered_display": "100", "missing_lines": 0, "excluded_lines": 0, "percent_statements_covered": 100.0, "percent_statements_covered_display": "100", "num_branches": 0, "num_partial_branches": 0, "covered_branches": 0, "missing_branches": 0, "percent_branches_covered": 100.0, "percent_branches_covered_display": "100"}, "missing_lines": [], "excluded_lines": [], "start_line": 1, "executed_branches": [], "missing_branches": []}}, "classes": {"": {"executed_lines": [4, 7, 8, 10, 12, 23, 26, 47, 49, 51, 52, 54, 55, 56, 58, 61, 64, 65, 72, 73, 74, 76, 83, 84, 90, 108, 110, 111, 113, 114, 119, 120, 121, 126, 127, 128, 133, 134, 135, 138, 140, 155, 177, 179, 180, 181, 186, 187, 189, 190, 196, 197, 200, 201, 204, 205, 206, 209, 210, 211, 212, 213, 217, 218, 220, 227, 228, 234, 253, 255, 256, 261, 262, 264, 265, 270, 271, 272, 277, 279, 284, 285, 293, 314, 316, 317, 319, 320, 325, 326, 327, 332, 333, 339, 340, 341, 342, 343, 344, 347, 348, 354, 355, 368, 389, 391, 392, 394, 395, 400, 401, 402, 407, 408, 413, 414, 415, 416, 417, 418, 420, 421, 427, 428, 441, 462, 464, 465, 467, 468, 473, 474, 475, 480, 481, 482, 487, 488, 489, 490, 492, 494, 500, 502, 503, 504, 509, 519, 521, 522, 524, 526, 527, 528, 529, 532, 533, 536, 537, 538, 539, 541, 547, 559, 577, 579, 580, 585, 586, 588, 589, 594, 595, 596, 601, 602, 603, 608, 609, 610, 611, 613, 615, 621, 623, 624, 625, 631, 639, 641, 642, 644, 646, 647, 648, 649, 651, 652, 658, 659, 660, 661, 663, 669, 674, 676, 677, 678], "summary": {"covered_lines": 208, "num_statements": 243, "percent_covered": 87.8419452887538, "percent_covered_display": "88", "missing_lines": 35, "excluded_lines": 0, "percent_statements_covered": 85.59670781893004, "percent_statements_covered_display": "86", "num_branches": 86, "num_partial_branches": 5, "covered_branches": 81, "missing_branches": 5, "percent_branches_covered": 94.18604651162791, "percent_branches_covered_display": "94"}, "missing_lines": [85, 86, 87, 136, 146, 147, 148, 149, 150, 191, 198, 229, 230, 231, 286, 287, 288, 361, 362, 363, 364, 365, 434, 435, 436, 437, 438, 501, 552, 553, 554, 555, 556, 622, 675], "excluded_lines": [], "start_line": 1, "executed_branches": [[55, 56], [55, 58], [73, 74], [73, 76], [113, 114], [113, 119], [120, 121], [120, 126], [127, 128], [127, 133], [133, 134], [133, 135], [135, 138], [180, 181], [180, 186], [190, 196], [197, 200], [205, 206], [205, 209], [210, 211], [210, 220], [212, 213], [212, 217], [255, 256], [255, 261], [264, 265], [264, 270], [271, 272], [271, 277], [319, 320], [319, 325], [326, 327], [326, 332], [332, 333], [332, 339], [341, 342], [341, 343], [347, 348], [347, 354], [394, 395], [394, 400], [401, 402], [401, 407], [407, 408], [407, 413], [415, 416], [415, 417], [420, 421], [420, 427], [467, 468], [467, 473], [474, 475], [474, 480], [481, 482], [481, 487], [487, 488], [487, 489], [489, 490], [489, 492], [527, 528], [527, 547], [536, 537], [536, 541], [537, 538], [579, 580], [579, 585], [588, 589], [588, 594], [595, 596], [595, 601], [602, 603], [602, 608], [608, 609], [608, 610], [610, 611], [610, 613], [647, 648], [647, 669], [658, 659], [658, 663], [659, 660]], "missing_branches": [[135, 136], [190, 191], [197, 198], [537, 536], [659, 658]]}}}, "src\\dcc_mcp_maya\\actions\\expressions.py": {"executed_lines": [9, 12, 13, 15, 18, 48, 50, 52, 53, 55, 56, 61, 62, 67, 73, 74, 75, 76, 77, 81, 82, 83, 85, 87, 93, 94, 95, 96, 97, 100, 114, 116, 117, 119, 120, 125, 127, 128, 129, 130, 131, 132, 133, 135, 136, 137, 138, 141, 143, 152, 153, 154, 155, 156, 159, 170, 172, 173, 175, 176, 181, 182, 183, 190, 192, 196, 197, 198, 199, 200], "summary": {"covered_lines": 70, "num_statements": 72, "percent_covered": 96.93877551020408, "percent_covered_display": "97", "missing_lines": 2, "excluded_lines": 0, "percent_statements_covered": 97.22222222222223, "percent_statements_covered_display": "97", "num_branches": 26, "num_partial_branches": 1, "covered_branches": 25, "missing_branches": 1, "percent_branches_covered": 96.15384615384616, "percent_branches_covered_display": "96"}, "missing_lines": [139, 140], "excluded_lines": [], "executed_branches": [[55, 56], [55, 61], [61, 62], [61, 67], [73, 74], [73, 75], [75, 76], [75, 85], [76, 77], [76, 81], [82, 83], [119, 120], [119, 125], [127, 128], [127, 135], [129, 130], [129, 133], [131, 129], [131, 132], [136, 137], [136, 143], [175, 176], [175, 181], [182, 183], [182, 190]], "missing_branches": [[82, 85]], "functions": {"create_expression": {"executed_lines": [48, 50, 52, 53, 55, 56, 61, 62, 67, 73, 74, 75, 76, 77, 81, 82, 83, 85, 87, 93, 94, 95, 96, 97], "summary": {"covered_lines": 24, "num_statements": 24, "percent_covered": 97.22222222222223, "percent_covered_display": "97", "missing_lines": 0, "excluded_lines": 0, "percent_statements_covered": 100.0, "percent_statements_covered_display": "100", "num_branches": 12, "num_partial_branches": 1, "covered_branches": 11, "missing_branches": 1, "percent_branches_covered": 91.66666666666667, "percent_branches_covered_display": "92"}, "missing_lines": [], "excluded_lines": [], "start_line": 18, "executed_branches": [[55, 56], [55, 61], [61, 62], [61, 67], [73, 74], [73, 75], [75, 76], [75, 85], [76, 77], [76, 81], [82, 83]], "missing_branches": [[82, 85]]}, "list_expressions": {"executed_lines": [114, 116, 117, 119, 120, 125, 127, 128, 129, 130, 131, 132, 133, 135, 136, 137, 138, 141, 143, 152, 153, 154, 155, 156], "summary": {"covered_lines": 24, "num_statements": 26, "percent_covered": 94.44444444444444, "percent_covered_display": "94", "missing_lines": 2, "excluded_lines": 0, "percent_statements_covered": 92.3076923076923, "percent_statements_covered_display": "92", "num_branches": 10, "num_partial_branches": 0, "covered_branches": 10, "missing_branches": 0, "percent_branches_covered": 100.0, "percent_branches_covered_display": "100"}, "missing_lines": [139, 140], "excluded_lines": [], "start_line": 100, "executed_branches": [[119, 120], [119, 125], [127, 128], [127, 135], [129, 130], [129, 133], [131, 129], [131, 132], [136, 137], [136, 143]], "missing_branches": []}, "delete_expression": {"executed_lines": [170, 172, 173, 175, 176, 181, 182, 183, 190, 192, 196, 197, 198, 199, 200], "summary": {"covered_lines": 15, "num_statements": 15, "percent_covered": 100.0, "percent_covered_display": "100", "missing_lines": 0, "excluded_lines": 0, "percent_statements_covered": 100.0, "percent_statements_covered_display": "100", "num_branches": 4, "num_partial_branches": 0, "covered_branches": 4, "missing_branches": 0, "percent_branches_covered": 100.0, "percent_branches_covered_display": "100"}, "missing_lines": [], "excluded_lines": [], "start_line": 159, "executed_branches": [[175, 176], [175, 181], [182, 183], [182, 190]], "missing_branches": []}, "": {"executed_lines": [9, 12, 13, 15, 18, 100, 159], "summary": {"covered_lines": 7, "num_statements": 7, "percent_covered": 100.0, "percent_covered_display": "100", "missing_lines": 0, "excluded_lines": 0, "percent_statements_covered": 100.0, "percent_statements_covered_display": "100", "num_branches": 0, "num_partial_branches": 0, "covered_branches": 0, "missing_branches": 0, "percent_branches_covered": 100.0, "percent_branches_covered_display": "100"}, "missing_lines": [], "excluded_lines": [], "start_line": 1, "executed_branches": [], "missing_branches": []}}, "classes": {"": {"executed_lines": [9, 12, 13, 15, 18, 48, 50, 52, 53, 55, 56, 61, 62, 67, 73, 74, 75, 76, 77, 81, 82, 83, 85, 87, 93, 94, 95, 96, 97, 100, 114, 116, 117, 119, 120, 125, 127, 128, 129, 130, 131, 132, 133, 135, 136, 137, 138, 141, 143, 152, 153, 154, 155, 156, 159, 170, 172, 173, 175, 176, 181, 182, 183, 190, 192, 196, 197, 198, 199, 200], "summary": {"covered_lines": 70, "num_statements": 72, "percent_covered": 96.93877551020408, "percent_covered_display": "97", "missing_lines": 2, "excluded_lines": 0, "percent_statements_covered": 97.22222222222223, "percent_statements_covered_display": "97", "num_branches": 26, "num_partial_branches": 1, "covered_branches": 25, "missing_branches": 1, "percent_branches_covered": 96.15384615384616, "percent_branches_covered_display": "96"}, "missing_lines": [139, 140], "excluded_lines": [], "start_line": 1, "executed_branches": [[55, 56], [55, 61], [61, 62], [61, 67], [73, 74], [73, 75], [75, 76], [75, 85], [76, 77], [76, 81], [82, 83], [119, 120], [119, 125], [127, 128], [127, 135], [129, 130], [129, 133], [131, 129], [131, 132], [136, 137], [136, 143], [175, 176], [175, 181], [182, 183], [182, 190]], "missing_branches": [[82, 85]]}}}, "src\\dcc_mcp_maya\\actions\\lighting.py": {"executed_lines": [4, 7, 8, 10, 13, 22, 43, 45, 46, 47, 52, 53, 55, 56, 57, 58, 59, 62, 63, 66, 67, 70, 73, 74, 77, 78, 80, 88, 89, 90, 91, 92, 95, 117, 119, 120, 122, 123, 126, 127, 129, 130, 132, 133, 134, 138, 139, 140, 141, 143, 145, 151, 153, 154, 155, 158, 170, 172, 173, 175, 177, 178, 179, 180, 183, 184, 185, 186, 187, 188, 189, 190, 191, 192, 193, 194, 195, 196, 197, 198, 199, 200, 201, 202, 211, 216, 218, 219, 220, 223, 232, 234, 235, 237, 238, 240, 242, 243, 244, 245, 247, 248, 249, 251, 252, 253], "summary": {"covered_lines": 106, "num_statements": 110, "percent_covered": 95.83333333333333, "percent_covered_display": "96", "missing_lines": 4, "excluded_lines": 0, "percent_statements_covered": 96.36363636363636, "percent_statements_covered_display": "96", "num_branches": 34, "num_partial_branches": 2, "covered_branches": 32, "missing_branches": 2, "percent_branches_covered": 94.11764705882354, "percent_branches_covered_displ
[...]
anches": [[30, 31], [30, 33], [35, 36], [44, 45], [44, 58], [45, 46], [45, 49], [84, 85], [84, 87], [88, 89], [88, 93], [93, 94], [93, 100], [94, 95], [94, 98], [130, 131], [130, 133], [134, 135], [134, 140], [140, 141], [140, 145], [179, 180], [179, 185], [186, 187], [186, 192], [195, 196], [195, 198], [200, 201], [200, 207], [207, 208], [207, 214], [260, 261], [260, 264], [261, 260], [261, 262], [269, 270], [269, 271], [271, 272], [271, 274], [310, 311], [310, 314], [314, 315], [314, 322], [316, 317], [316, 320], [323, 324], [331, 332], [331, 335], [343, 344], [343, 361], [347, 348], [396, 397], [396, 402], [405, 406], [405, 408], [418, 419], [418, 421], [454, 455], [454, 459], [459, 460], [459, 465], [468, 469], [468, 471]], "missing_branches": [[35, 38], [323, 327], [347, 359]]}}}, "src\\dcc_mcp_maya\\actions\\vertex_color.py": {"executed_lines": [4, 7, 8, 10, 13, 33, 35, 36, 38, 39, 41, 42, 44, 49, 50, 52, 53, 56, 57, 58, 60, 61, 62, 64, 71, 72, 73, 74, 75, 78, 94, 96, 97, 99, 100, 102, 103, 104, 105, 107, 112, 113, 114, 115, 119, 120, 121, 123, 124, 125, 126, 127, 129, 130, 131, 133, 136, 137, 138, 139, 140, 143, 159, 161, 162, 163, 168, 169, 171, 172, 174, 175, 176, 180, 187, 193, 194, 200, 211, 213, 214, 216, 217, 219, 220, 221, 222, 225, 226, 228, 229, 230, 231, 233, 238, 239, 240, 241, 242], "summary": {"covered_lines": 99, "num_statements": 102, "percent_covered": 97.05882352941177, "percent_covered_display": "97", "missing_lines": 3, "excluded_lines": 0, "percent_statements_covered": 97.05882352941177, "percent_statements_covered_display": "97", "num_branches": 34, "num_partial_branches": 1, "covered_branches": 33, "missing_branches": 1, "percent_branches_covered": 97.05882352941177, "percent_branches_covered_display": "97"}, "missing_lines": [195, 196, 197], "excluded_lines": [], "executed_branches": [[38, 39], [38, 41], [49, 50], [49, 52], [52, 53], [52, 60], [56, 57], [56, 58], [99, 100], [99, 102], [104, 105], [112, 113], [112, 133], [114, 115], [114, 119], [120, 121], [120, 123], [124, 125], [124, 129], [162, 163], [162, 168], [171, 172], [171, 174], [175, 176], [175, 180], [216, 217], [216, 219], [219, 220], [219, 228], [221, 222], [221, 225], [229, 230], [229, 231]], "missing_branches": [[104, 107]], "functions": {"set_vertex_color": {"executed_lines": [33, 35, 36, 38, 39, 41, 42, 44, 49, 50, 52, 53, 56, 57, 58, 60, 61, 62, 64, 71, 72, 73, 74, 75], "summary": {"covered_lines": 24, "num_statements": 24, "percent_covered": 100.0, "percent_covered_display": "100", "missing_lines": 0, "excluded_lines": 0, "percent_statements_covered": 100.0, "percent_statements_covered_display": "100", "num_branches": 8, "num_partial_branches": 0, "covered_branches": 8, "missing_branches": 0, "percent_branches_covered": 100.0, "percent_branches_covered_display": "100"}, "missing_lines": [], "excluded_lines": [], "start_line": 13, "executed_branches": [[38, 39], [38, 41], [49, 50], [49, 52], [52, 53], [52, 60], [56, 57], [56, 58]], "missing_branches": []}, "get_vertex_color": {"executed_lines": [94, 96, 97, 99, 100, 102, 103, 104, 105, 107, 112, 113, 114, 115, 119, 120, 121, 123, 124, 125, 126, 127, 129, 130, 131, 133, 136, 137, 138, 139, 140], "summary": {"covered_lines": 31, "num_statements": 31, "percent_covered": 97.67441860465117, "percent_covered_display": "98", "missing_lines": 0, "excluded_lines": 0, "percent_statements_covered": 100.0, "percent_statements_covered_display": "100", "num_branches": 12, "num_partial_branches": 1, "covered_branches": 11, "missing_branches": 1, "percent_branches_covered": 91.66666666666667, "percent_branches_covered_display": "92"}, "missing_lines": [], "excluded_lines": [], "start_line": 78, "executed_branches": [[99, 100], [99, 102], [104, 105], [112, 113], [112, 133], [114, 115], [114, 119], [120, 121], [120, 123], [124, 125], [124, 129]], "missing_branches": [[104, 107]]}, "create_color_set": {"executed_lines": [159, 161, 162, 163, 168, 169, 171, 172, 174, 175, 176, 180, 187, 193, 194], "summary": {"covered_lines": 15, "num_statements": 18, "percent_covered": 87.5, "percent_covered_display": "88", "missing_lines": 3, "excluded_lines": 0, "percent_statements_covered": 83.33333333333333, "percent_statements_covered_display": "83", "num_branches": 6, "num_partial_branches": 0, "covered_branches": 6, "missing_branches": 0, "percent_branches_covered": 100.0, "percent_branches_covered_display": "100"}, "missing_lines": [195, 196, 197], "excluded_lines": [], "start_line": 143, "executed_branches": [[162, 163], [162, 168], [171, 172], [171, 174], [175, 176], [175, 180]], "missing_branches": []}, "remove_vertex_colors": {"executed_lines": [211, 213, 214, 216, 217, 219, 220, 221, 222, 225, 226, 228, 229, 230, 231, 233, 238, 239, 240, 241, 242], "summary": {"covered_lines": 21, "num_statements": 21, "percent_covered": 100.0, "percent_covered_display": "100", "missing_lines": 0, "excluded_lines": 0, "percent_statements_covered": 100.0, "percent_statements_covered_display": "100", "num_branches": 8, "num_partial_branches": 0, "covered_branches": 8, "missing_branches": 0, "percent_branches_covered": 100.0, "percent_branches_covered_display": "100"}, "missing_lines": [], "excluded_lines": [], "start_line": 200, "executed_branches": [[216, 217], [216, 219], [219, 220], [219, 228], [221, 222], [221, 225], [229, 230], [229, 231]], "missing_branches": []}, "": {"executed_lines": [4, 7, 8, 10, 13, 78, 143, 200], "summary": {"covered_lines": 8, "num_statements": 8, "percent_covered": 100.0, "percent_covered_display": "100", "missing_lines": 0, "excluded_lines": 0, "percent_statements_covered": 100.0, "percent_statements_covered_display": "100", "num_branches": 0, "num_partial_branches": 0, "covered_branches": 0, "missing_branches": 0, "percent_branches_covered": 100.0, "percent_branches_covered_display": "100"}, "missing_lines": [], "excluded_lines": [], "start_line": 1, "executed_branches": [], "missing_branches": []}}, "classes": {"": {"executed_lines": [4, 7, 8, 10, 13, 33, 35, 36, 38, 39, 41, 42, 44, 49, 50, 52, 53, 56, 57, 58, 60, 61, 62, 64, 71, 72, 73, 74, 75, 78, 94, 96, 97, 99, 100, 102, 103, 104, 105, 107, 112, 113, 114, 115, 119, 120, 121, 123, 124, 125, 126, 127, 129, 130, 131, 133, 136, 137, 138, 139, 140, 143, 159, 161, 162, 163, 168, 169, 171, 172, 174, 175, 176, 180, 187, 193, 194, 200, 211, 213, 214, 216, 217, 219, 220, 221, 222, 225, 226, 228, 229, 230, 231, 233, 238, 239, 240, 241, 242], "summary": {"covered_lines": 99, "num_statements": 102, "percent_covered": 97.05882352941177, "percent_covered_display": "97", "missing_lines": 3, "excluded_lines": 0, "percent_statements_covered": 97.05882352941177, "percent_statements_covered_display": "97", "num_branches": 34, "num_partial_branches": 1, "covered_branches": 33, "missing_branches": 1, "percent_branches_covered": 97.05882352941177, "percent_branches_covered_display": "97"}, "missing_lines": [195, 196, 197], "excluded_lines": [], "start_line": 1, "executed_branches": [[38, 39], [38, 41], [49, 50], [49, 52], [52, 53], [52, 60], [56, 57], [56, 58], [99, 100], [99, 102], [104, 105], [112, 113], [112, 133], [114, 115], [114, 119], [120, 121], [120, 123], [124, 125], [124, 129], [162, 163], [162, 168], [171, 172], [171, 174], [175, 176], [175, 180], [216, 217], [216, 219], [219, 220], [219, 228], [221, 222], [221, 225], [229, 230], [229, 231]], "missing_branches": [[104, 107]]}}}, "src\\dcc_mcp_maya\\server.py": {"executed_lines": [26, 29, 30, 31, 33, 36, 41, 42, 43, 45, 46, 47, 53, 73, 80, 82, 83, 88, 89, 90, 91, 92, 94, 95, 99, 101, 102, 106, 107, 108, 110, 112, 113, 114, 115, 117, 119, 126, 130, 131, 132, 133, 137, 138, 140, 142, 149, 151, 152, 156, 162, 163, 164, 166, 167, 169, 170, 172, 174, 176, 177, 178, 179, 181, 182, 184, 186, 187, 189, 194, 195, 198, 223, 224, 225, 229, 231, 234, 237, 238, 239, 240], "summary": {"covered_lines": 82, "num_statements": 90, "percent_covered": 90.74074074074075, "percent_covered_display": "91", "missing_lines": 8, "excluded_lines": 2, "percent_statements_covered": 91.11111111111111, "percent_statements_covered_display": "91", "num_branches": 18, "num_partial_branches": 2, "covered_branches": 16, "missing_branches": 2, "percent_branches_covered": 88.88888888888889, "percent_branches_covered_display": "89"}, "missing_lines": [34, 104, 105, 120, 121, 127, 128, 230], "excluded_lines": [122, 123], "executed_branches": [[33, 36], [94, -73], [94, 95], [112, 113], [112, 114], [162, 163], [162, 166], [169, 170], [169, 172], [176, -174], [176, 177], [224, 225], [224, 231], [229, 231], [238, -234], [238, 239]], "missing_branches": [[33, 34], [229, 230]], "functions": {"_maya_available": {"executed_lines": [42, 43, 45, 46, 47], "summary": {"covered_lines": 5, "num_statements": 5, "percent_covered": 100.0, "percent_covered_display": "100", "missing_lines": 0, "excluded_lines": 0, "percent_statements_covered": 100.0, "percent_statements_covered_display": "100", "num_branches": 0, "num_partial_branches": 0, "covered_branches": 0, "missing_branches": 0, "percent_branches_covered": 100.0, "percent_branches_covered_display": "100"}, "missing_lines": [], "excluded_lines": [], "start_line": 41, "executed_branches": [], "missing_branches": []}, "MayaMcpServer.__init__": {"executed_lines": [80, 82, 83, 88, 89, 90, 91, 92, 94, 95], "summary": {"covered_lines": 10, "num_statements": 10, "percent_covered": 100.0, "percent_covered_display": "100", "missing_lines": 0, "excluded_lines": 0, "percent_statements_covered": 100.0, "percent_statements_covered_display": "100", "num_branches": 2, "num_partial_branches": 0, "covered_branches": 2, "missing_branches": 0, "percent_branches_covered": 100.0, "percent_branches_covered_display": "100"}, "missing_lines": [], "excluded_lines": [], "start_line": 73, "executed_branches": [[94, -73], [94, 95]], "missing_branches": []}, "MayaMcpServer._setup_executor": {"executed_lines": [101, 102, 106, 107, 108], "summary": {"covered_lines": 5, "num_statements": 7, "percent_covered": 71.42857142857143, "percent_covered_display": "71", "missing_lines": 2, "excluded_lines": 0, "percent_statements_covered": 71.42857142857143, "percent_statements_covered_display": "71", "num_branches": 0, "num_partial_branches": 0, "covered_branches": 0, "missing_branches": 0, "percent_branches_covered": 100.0, "percent_branches_covered_display": "100"}, "missing_lines": [104, 105], "excluded_lines": [], "start_line": 99, "executed_branches": [], "missing_branches": []}, "MayaMcpServer._setup_poll_callback": {"executed_lines": [112, 113, 114, 115, 117, 119, 126, 130, 131, 132, 133], "summary": {"covered_lines": 11, "num_statements": 11, "percent_covered": 100.0, "percent_covered_display": "100", "missing_lines": 0, "excluded_lines": 0, "percent_statements_covered": 100.0, "percent_statements_covered_display": "100", "num_branches": 2, "num_partial_branches": 0, "covered_branches": 2, "missing_branches": 0, "percent_branches_covered": 100.0, "percent_branches_covered_display": "100"}, "missing_lines": [], "excluded_lines": [], "start_line": 110, "executed_branches": [[112, 113], [112, 114]], "missing_branches": []}, "MayaMcpServer._setup_poll_callback.poll": {"executed_lines": [], "summary": {"covered_lines": 0, "num_statements": 2, "percent_covered": 0.0, "percent_covered_display": "0", "missing_lines": 2, "excluded_lines": 2, "percent_statements_covered": 0.0, "percent_statements_covered_display": "0", "num_branches": 0, "num_partial_branches": 0, "covered_branches": 0, "missing_branches": 0, "percent_branches_covered": 100.0, "percent_branches_covered_display": "100"}, "missing_lines": [120, 121], "excluded_lines": [122, 123], "start_line": 119, "executed_branches": [], "missing_branches": []}, "MayaMcpServer._setup_poll_callback.repeating_poll": {"executed_lines": [], "summary": {"covered_lines": 0, "num_statements": 2, "percent_covered": 0.0, "percent_covered_display": "0", "missing_lines": 2, "excluded_lines": 0, "percent_statements_covered": 0.0, "percent_statements_covered_display": "0", "num_branches": 0, "num_partial_branches": 0, "covered_branches": 0, "missing_branches": 0, "percent_branches_covered": 100.0, "percent_branches_covered_display": "100"}, "missing_lines": [127, 128], "excluded_lines": [], "start_line": 126, "executed_branches": [], "missing_branches": []}, "MayaMcpServer.registry": {"executed_lines": [140], "summary": {"covered_lines": 1, "num_statements": 1, "percent_covered": 100.0, "percent_covered_display": "100", "missing_lines": 0, "excluded_lines": 0, "percent_statements_covered": 100.0, "percent_statements_covered_display": "100", "num_branches": 0, "num_partial_branches": 0, "covered_branches": 0, "missing_branches": 0, "percent_branches_covered": 100.0, "percent_branches_covered_display": "100"}, "missing_lines": [], "excluded_lines": [], "start_line": 138, "executed_branches": [], "missing_branches": []}, "MayaMcpServer.register_builtin_actions": {"executed_lines": [149, 151, 152], "summary": {"covered_lines": 3, "num_statements": 3, "percent_covered": 100.0, "percent_covered_display": "100", "missing_lines": 0, "excluded_lines": 0, "percent_statements_covered": 100.0, "percent_statements_covered_display": "100", "num_branches": 0, "num_partial_branches": 0, "covered_branches": 0, "missing_branches": 0, "percent_branches_covered": 100.0, "percent_branches_covered_display": "100"}, "missing_lines": [], "excluded_lines": [], "start_line": 142, "executed_branches": [], "missing_branches": []}, "MayaMcpServer.start": {"executed_lines": [162, 163, 164, 166, 167, 169, 170, 172], "summary": {"covered_lines": 8, "num_statements": 8, "percent_covered": 100.0, "percent_covered_display": "100", "missing_lines": 0, "excluded_lines": 0, "percent_statements_covered": 100.0, "percent_statements_covered_display": "100", "num_branches": 4, "num_partial_branches": 0, "covered_branches": 4, "missing_branches": 0, "percent_branches_covered": 100.0, "percent_branches_covered_display": "100"}, "missing_lines": [], "excluded_lines": [], "start_line": 156, "executed_branches": [[162, 163], [162, 166], [169, 170], [169, 172]], "missing_branches": []}, "MayaMcpServer.stop": {"executed_lines": [176, 177, 178, 179], "summary": {"covered_lines": 4, "num_statements": 4, "percent_covered": 100.0, "percent_covered_display": "100", "missing_lines": 0, "excluded_lines": 0, "percent_statements_covered": 100.0, "percent_statements_covered_display": "100", "num_branches": 2, "num_partial_branches": 0, "covered_branches": 2, "missing_branches": 0, "percent_branches_covered": 100.0, "percent_branches_covered_display": "100"}, "missing_lines": [], "excluded_lines": [], "start_line": 174, "executed_branches": [[176, -174], [176, 177]], "missing_branches": []}, "MayaMcpServer.is_running": {"executed_lines": [184], "summary": {"covered_lines": 1, "num_statements": 1, "percent_covered": 100.0, "percent_covered_display": "100", "missing_lines": 0, "excluded_lines": 0, "percent_statements_covered": 100.0, "percent_statements_covered_display": "100", "num_branches": 0, "num_partial_branches": 0, "covered_branches": 0, "missing_branches": 0, "percent_branches_covered": 100.0, "percent_branches_covered_display": "100"}, "missing_lines": [], "excluded_lines": [], "start_line": 182, "executed_branches": [], "missing_branches": []}, "MayaMcpServer.mcp_url": {"executed_lines": [189], "summary": {"covered_lines": 1, "num_statements": 1, "percent_covered": 100.0, "percent_covered_display": "100", "missing_lines": 0, "excluded_lines": 0, "percent_statements_covered": 100.0, "percent_statements_covered_display": "100", "num_branches": 0, "num_partial_branches": 0, "covered_branches": 0, "missing_branches": 0, "percent_branches_covered": 100.0, "percent_branches_covered_display": "100"}, "missing_lines": [], "excluded_lines": [], "start_line": 187, "executed_branches": [], "missing_branches": []}, "start_server": {"executed_lines": [223, 224, 225, 229, 231], "summary": {"covered_lines": 5, "num_statements": 6, "percent_covered": 80.0, "percent_covered_display": "80", "missing_lines": 1, "excluded_lines": 0, "percent_statements_covered": 83.33333333333333, "percent_statements_covered_display": "83", "num_branches": 4, "num_partial_branches": 1, "covered_branches": 3, "missing_branches": 1, "percent_branches_covered": 75.0, "percent_branches_covered_display": "75"}, "missing_lines": [230], "excluded_lines": [], "start_line": 198, "executed_branches": [[224, 225], [224, 231], [229, 231]], "missing_branches": [[229, 230]]}, "stop_server": {"executed_lines": [237, 238, 239, 240], "summary": {"covered_lines": 4, "num_statements": 4, "percent_covered": 100.0, "percent_covered_display": "100", "missing_lines": 0, "excluded_lines": 0, "percent_statements_covered": 100.0, "percent_statements_covered_display": "100", "num_branches": 2, "num_partial_branches": 0, "covered_branches": 2, "missing_branches": 0, "percent_branches_covered": 100.0, "percent_branches_covered_display": "100"}, "missing_lines": [], "excluded_lines": [], "start_line": 234, "executed_branches": [[238, -234], [238, 239]], "missing_branches": []}, "": {"executed_lines": [26, 29, 30, 31, 33, 36, 41, 53, 73, 99, 110, 137, 138, 142, 156, 174, 181, 182, 186, 187, 194, 195, 198, 234], "summary": {"covered_lines": 24, "num_statements": 25, "percent_covered": 92.5925925925926, "percent_covered_display": "93", "missing_lines": 1, "excluded_lines": 0, "percent_statements_covered": 96.0, "percent_statements_covered_display": "96", "num_branches": 2, "num_partial_branches": 1, "covered_branches": 1, "missing_branches": 1, "percent_branches_covered": 50.0, "percent_branches_covered_display": "50"}, "missing_lines": [34], "excluded_lines": [], "start_line": 1, "executed_branches": [[33, 36]], "missing_branches": [[33, 34]]}}, "classes": {"MayaMcpServer": {"executed_lines": [80, 82, 83, 88, 89, 90, 91, 92, 94, 95, 101, 102, 106, 107, 108, 112, 113, 114, 115, 117, 119, 126, 130, 131, 132, 133, 140, 149, 151, 152, 162, 163, 164, 166, 167, 169, 170, 172, 176, 177, 178, 179, 184, 189], "summary": {"covered_lines": 44, "num_statements": 50, "percent_covered": 90.0, "percent_covered_display": "90", "missing_lines": 6, "excluded_lines": 2, "percent_statements_covered": 88.0, "percent_statements_covered_display": "88", "num_branches": 10, "num_partial_branches": 0, "covered_branches": 10, "missing_branches": 0, "percent_branches_covered": 100.0, "percent_branches_covered_display": "100"}, "missing_lines": [104, 105, 120, 121, 127, 128], "excluded_lines": [122, 123], "start_line": 53, "executed_branches": [[94, -73], [94, 95], [112, 113], [112, 114], [162, 163], [162, 166], [169, 170], [169, 172], [176, -174], [176, 177]], "missing_branches": []}, "": {"executed_lines": [26, 29, 30, 31, 33, 36, 41, 42, 43, 45, 46, 47, 53, 73, 99, 110, 137, 138, 142, 156, 174, 181, 182, 186, 187, 194, 195, 198, 223, 224, 225, 229, 231, 234, 237, 238, 239, 240], "summary": {"covered_lines": 38, "num_statements": 40, "percent_covered": 91.66666666666667, "percent_covered_display": "92", "missing_lines": 2, "excluded_lines": 0, "percent_statements_covered": 95.0, "percent_statements_covered_display": "95", "num_branches": 8, "num_partial_branches": 2, "covered_branches": 6, "missing_branches": 2, "percent_branches_covered": 75.0, "percent_branches_covered_display": "75"}, "missing_lines": [34, 230], "excluded_lines": [], "start_line": 1, "executed_branches": [[33, 36], [224, 225], [224, 231], [229, 231], [238, -234], [238, 239]], "missing_branches": [[33, 34], [229, 230]]}}}}, "totals": {"covered_lines": 4429, "num_statements": 4703, "percent_covered": 94.36158006884118, "percent_covered_display": "94", "missing_lines": 274, "excluded_lines": 2, "percent_statements_covered": 94.173931533064, "percent_statements_covered_display": "94", "num_branches": 1398, "num_partial_branches": 64, "covered_branches": 1328, "missing_branches": 70, "percent_branches_covered": 94.9928469241774, "percent_branches_covered_display": "95"}}